<?xml version="1.0" encoding="UTF-8"?>
<testsuite xmlns:xsi="http://www.w3.org/2001/XMLSchema-instance" xsi:noNamespaceSchemaLocation="https://maven.apache.org/surefire/maven-surefire-plugin/xsd/surefire-test-report-3.0.xsd" version="3.0" name="com.backend.padinfo_backend.PadinfoBackendApplicationTests" time="28.603" tests="1" errors="0" skipped="0" failures="0">
  <properties>
[...]
</properties>
  <testcase name="contextLoads" classname="com.backend.padinfo_backend.PadinfoBackendApplicationTests" time="0.048">
    <system-out><![CDATA[02:28:48.456 [main] INFO org.springframework.test.context.support.AnnotationConfigContextLoaderUtils -- Could not detect default configuration classes for test class [com.backend.padinfo_backend.PadinfoBackendApplicationTests]: PadinfoBackendApplicationTests does not declare any static, non-private, non-final, nested classes annotated with @Configuration.
02:28:48.653 [main] INFO org.springframework.boot.test.context.SpringBootTestContextBootstrapper -- Found @SpringBootConfiguration com.backend.padinfo_backend.PadinfoBackendApplication for test class com.backend.padinfo_backend.PadinfoBackendApplicationTests
02:28:48.990 [main] INFO org.springframework.boot.devtools.restart.RestartApplicationListener -- Restart disabled due to context in which it is running
02:28:48,175 |-INFO in ch.qos.logback.classic.LoggerContext[default] - This is logback-classic version 1.4.14
02:28:48,182 |-INFO in ch.qos.logback.classic.util.ContextInitializer@5a545b0f - Here is a list of configurators discovered as a service, by rank: 
02:28:48,182 |-INFO in ch.qos.logback.classic.util.ContextInitializer@5a545b0f -   org.springframework.boot.logging.logback.RootLogLevelConfigurator
02:28:48,182 |-INFO in ch.qos.logback.classic.util.ContextInitializer@5a545b0f - They will be invoked in order until ExecutionStatus.DO_NOT_INVOKE_NEXT_IF_ANY is returned.
02:28:48,182 |-INFO in ch.qos.logback.classic.util.ContextInitializer@5a545b0f - Constructed configurator of type class org.springframework.boot.logging.logback.RootLogLevelConfigurator
02:28:48,228 |-INFO in ch.qos.logback.classic.util.ContextInitializer@5a545b0f - org.springframework.boot.logging.logback.RootLogLevelConfigurator.configure() call lasted 1 milliseconds. ExecutionStatus=INVOKE_NEXT_IF_ANY
02:28:48,228 |-INFO in ch.qos.logback.classic.util.ContextInitializer@5a545b0f - Trying to configure with ch.qos.logback.classic.joran.SerializedModelConfigurator
02:28:48,229 |-INFO in ch.qos.logback.classic.util.ContextInitializer@5a545b0f - Constructed configurator of type class ch.qos.logback.classic.joran.SerializedModelConfigurator
02:28:48,230 |-INFO in ch.qos.logback.classic.LoggerContext[default] - Could NOT find resource [logback-test.scmo]
02:28:48,230 |-INFO in ch.qos.logback.classic.LoggerContext[default] - Could NOT find resource [logback.scmo]
02:28:48,230 |-INFO in ch.qos.logback.classic.util.ContextInitializer@5a545b0f - ch.qos.logback.classic.joran.SerializedModelConfigurator.configure() call lasted 1 milliseconds. ExecutionStatus=INVOKE_NEXT_IF_ANY
02:28:48,230 |-INFO in ch.qos.logback.classic.util.ContextInitializer@5a545b0f - Trying to configure with ch.qos.logback.classic.util.DefaultJoranConfigurator
02:28:48,231 |-INFO in ch.qos.logback.classic.util.ContextInitializer@5a545b0f - Constructed configurator of type class ch.qos.logback.classic.util.DefaultJoranConfigurator
02:28:48,231 |-INFO in ch.qos.logback.classic.LoggerContext[default] - Could NOT find resource [logback-test.xml]
02:28:48,232 |-INFO in ch.qos.logback.classic.LoggerContext[default] - Could NOT find resource [logback.xml]
02:28:48,232 |-INFO in ch.qos.logback.classic.util.ContextInitializer@5a545b0f - ch.qos.logback.classic.util.DefaultJoranConfigurator.configure() call lasted 1 milliseconds. ExecutionStatus=INVOKE_NEXT_IF_ANY
02:28:48,232 |-INFO in ch.qos.logback.classic.util.ContextInitializer@5a545b0f - Trying to configure with ch.qos.logback.classic.BasicConfigurator
02:28:48,233 |-INFO in ch.qos.logback.classic.util.ContextInitializer@5a545b0f - Constructed configurator of type class ch.qos.logback.classic.BasicConfigurator
02:28:48,233 |-INFO in ch.qos.logback.classic.BasicConfigurator@2be21396 - Setting up default configuration.
02:28:48,249 |-INFO in ch.qos.logback.classic.util.ContextInitializer@5a545b0f - ch.qos.logback.classic.BasicConfigurator.configure() call lasted 16 milliseconds. ExecutionStatus=NEUTRAL
02:28:49,509 |-INFO in ch.qos.logback.core.joran.util.ConfigurationWatchListUtil@124dac75 - Adding [jar:file:/C:/Users/Usuario/.m2/repository/org/springframework/boot/spring-boot/3.2.5/spring-boot-3.2.5.jar!/org/springframework/boot/logging/logback/defaults.xml] to configuration watch list.
02:28:49,509 |-INFO in ch.qos.logback.core.joran.spi.ConfigurationWatchList@315105f - URL [jar:file:/C:/Users/Usuario/.m2/repository/org/springframework/boot/spring-boot/3.2.5/spring-boot-3.2.5.jar!/org/springframework/boot/logging/logback/defaults.xml] is not of type file
02:28:49,512 |-INFO in ch.qos.logback.core.joran.action.ConversionRuleAction - registering conversion word applicationName with class [org.springframework.boot.logging.logback.ApplicationNameConverter]
02:28:49,512 |-INFO in ch.qos.logback.core.joran.action.ConversionRuleAction - registering conversion word clr with class [org.springframework.boot.logging.logback.ColorConverter]
02:28:49,512 |-INFO in ch.qos.logback.core.joran.action.ConversionRuleAction - registering conversion word correlationId with class [org.springframework.boot.logging.logback.CorrelationIdConverter]
02:28:49,512 |-INFO in ch.qos.logback.core.joran.action.ConversionRuleAction - registering conversion word wex with class [org.springframework.boot.logging.logback.WhitespaceThrowableProxyConverter]
02:28:49,512 |-INFO in ch.qos.logback.core.joran.action.ConversionRuleAction - registering conversion word wEx with class [org.springframework.boot.logging.logback.ExtendedWhitespaceThrowableProxyConverter]
02:28:49,563 |-INFO in ch.qos.logback.classic.model.processor.LoggerModelHandler - Setting level of logger [org.apache.catalina.startup.DigesterFactory] to ERROR
02:28:49,563 |-INFO in ch.qos.logback.classic.jul.LevelChangePropagator@7b61bf11 - Propagating ERROR level on Logger[org.apache.catalina.startup.DigesterFactory] onto the JUL framework
02:28:49,564 |-INFO in ch.qos.logback.classic.model.processor.LoggerModelHandler - Setting level of logger [org.apache.catalina.util.LifecycleBase] to ERROR
02:28:49,564 |-INFO in ch.qos.logback.classic.jul.LevelChangePropagator@7b61bf11 - Propagating ERROR level on Logger[org.apache.catalina.util.LifecycleBase] onto the JUL framework
02:28:49,564 |-INFO in ch.qos.logback.classic.model.processor.LoggerModelHandler - Setting level of logger [org.apache.coyote.http11.Http11NioProtocol] to WARN
02:28:49,564 |-INFO in ch.qos.logback.classic.jul.LevelChangePropagator@7b61bf11 - Propagating WARN level on Logger[org.apache.coyote.http11.Http11NioProtocol] onto the JUL framework
02:28:49,564 |-INFO in ch.qos.logback.classic.model.processor.LoggerModelHandler - Setting level of logger [org.apache.sshd.common.util.SecurityUtils] to WARN
02:28:49,564 |-INFO in ch.qos.logback.classic.jul.LevelChangePropagator@7b61bf11 - Propagating WARN level on Logger[org.apache.sshd.common.util.SecurityUtils] onto the JUL framework
02:28:49,564 |-INFO in ch.qos.logback.classic.model.processor.LoggerModelHandler - Setting level of logger [org.apache.tomcat.util.net.NioSelectorPool] to WARN
02:28:49,564 |-INFO in ch.qos.logback.classic.jul.LevelChangePropagator@7b61bf11 - Propagating WARN level on Logger[org.apache.tomcat.util.net.NioSelectorPool] onto the JUL framework
02:28:49,564 |-INFO in ch.qos.logback.classic.model.processor.LoggerModelHandler - Setting level of logger [org.eclipse.jetty.util.component.AbstractLifeCycle] to ERROR
02:28:49,564 |-INFO in ch.qos.logback.classic.jul.LevelChangePropagator@7b61bf11 - Propagating ERROR level on Logger[org.eclipse.jetty.util.component.AbstractLifeCycle] onto the JUL framework
02:28:49,564 |-INFO in ch.qos.logback.classic.model.processor.LoggerModelHandler - Setting level of logger [org.hibernate.validator.internal.util.Version] to WARN
02:28:49,564 |-INFO in ch.qos.logback.classic.jul.LevelChangePropagator@7b61bf11 - Propagating WARN level on Logger[org.hibernate.validator.internal.util.Version] onto the JUL framework
02:28:49,564 |-INFO in ch.qos.logback.classic.model.processor.LoggerModelHandler - Setting level of logger [org.springframework.boot.actuate.endpoint.jmx] to WARN
02:28:49,564 |-INFO in ch.qos.logback.classic.jul.LevelChangePropagator@7b61bf11 - Propagating WARN level on Logger[org.springframework.boot.actuate.endpoint.jmx] onto the JUL framework
02:28:49,565 |-INFO in ch.qos.logback.core.model.processor.AppenderModelHandler - Processing appender named [Console]
02:28:49,565 |-INFO in ch.qos.logback.core.model.processor.AppenderModelHandler - About to instantiate appender of type [ch.qos.logback.core.ConsoleAppender]
02:28:49,602 |-WARN in ch.qos.logback.core.ConsoleAppender[Console] - This appender no longer admits a layout as a sub-component, set an encoder instead.
02:28:49,602 |-WARN in ch.qos.logback.core.ConsoleAppender[Console] - To ensure compatibility, wrapping your layout in LayoutWrappingEncoder.
02:28:49,602 |-WARN in ch.qos.logback.core.ConsoleAppender[Console] - See also http://logback.qos.ch/codes.html#layoutInsteadOfEncoder for details
02:28:49,602 |-INFO in ch.qos.logback.core.model.processor.AppenderModelHandler - Processing appender named [FILE]
02:28:49,602 |-INFO in ch.qos.logback.core.model.processor.AppenderModelHandler - About to instantiate appender of type [ch.qos.logback.core.rolling.RollingFileAppender]
02:28:49,606 |-INFO in ch.qos.logback.core.model.processor.ImplicitModelHandler - Assuming default type [ch.qos.logback.classic.encoder.PatternLayoutEncoder] for [encoder] property
02:28:49,626 |-INFO in c.q.l.core.rolling.TimeBasedRollingPolicy@1076133192 - No compression will be used
02:28:49,628 |-INFO in c.q.l.core.rolling.TimeBasedRollingPolicy@1076133192 - Will use the pattern /home/ubuntu/logs/padinfo_%d{yyyy-MM-dd}.log for the active file
02:28:49,632 |-INFO in c.q.l.core.rolling.DefaultTimeBasedFileNamingAndTriggeringPolicy - The date pattern is 'yyyy-MM-dd' from file name pattern '/home/ubuntu/logs/padinfo_%d{yyyy-MM-dd}.log'.
02:28:49,633 |-INFO in c.q.l.core.rolling.DefaultTimeBasedFileNamingAndTriggeringPolicy - Roll-over at midnight.
02:28:49,637 |-INFO in c.q.l.core.rolling.DefaultTimeBasedFileNamingAndTriggeringPolicy - Setting initial period to 2024-06-11T10:12:23.519Z
02:28:49,650 |-INFO in ch.qos.logback.core.rolling.RollingFileAppender[FILE] - Active log file name: /home/ubuntu/logs/padinfo.log
02:28:49,650 |-INFO in ch.qos.logback.core.rolling.RollingFileAppender[FILE] - File property is set to [/home/ubuntu/logs/padinfo.log]
02:28:49,654 |-INFO in ch.qos.logback.classic.model.processor.RootLoggerModelHandler - Setting level of ROOT logger to INFO
02:28:49,654 |-INFO in ch.qos.logback.classic.jul.LevelChangePropagator@7b61bf11 - Propagating INFO level on Logger[ROOT] onto the JUL framework
02:28:49,655 |-INFO in ch.qos.logback.core.model.processor.AppenderRefModelHandler - Attaching appender named [FILE] to Logger[ROOT]
02:28:49,655 |-INFO in ch.qos.logback.core.model.processor.AppenderRefModelHandler - Attaching appender named [Console] to Logger[ROOT]
02:28:49,655 |-INFO in ch.qos.logback.core.model.processor.DefaultProcessor@3ff54f3d - End of configuration.
02:28:49,655 |-INFO in org.springframework.boot.logging.logback.SpringBootJoranConfigurator@14c93774 - Registering current configuration as safe fallback point


  .   ____          _            __ _ _
 /\\ / ___'_ __ _ _(_)_ __  __ _ \ \ \ \
( ( )\___ | '_ | '_| | '_ \/ _` | \ \ \ \
 \\/  ___)| |_)| | | | | || (_| |  ) ) ) )
  '  |____| .__|_| |_|_| |_\__, | / / / /
 =========|_|==============|___/=/_/_/_/
 :: Spring Boot ::                (v3.2.5)

&amp#27;[37m2024-12-13 02:28:49,868&amp#27;[0;39m &amp#27;[34mINFO &amp#27;[0;39m [&amp#27;[34mmain&amp#27;[0;39m] &amp#27;[33mo.s.b.StartupInfoLogger&amp#27;[0;39m                         : Starting PadinfoBackendApplicationTests using Java 17 with PID 15440 (started by Usuario in C:\Users\Usuario\OneDrive\Escritorio\Proyectos_github\padinfo\backend\api)
&amp#27;[37m2024-12-13 02:28:49,886&amp#27;[0;39m &amp#27;[34mINFO &amp#27;[0;39m [&amp#27;[34mmain&amp#27;[0;39m] &amp#27;[33mo.s.b.SpringApplication&amp#27;[0;39m                         : No active profile set, falling back to 1 default profile: "default"
&amp#27;[37m2024-12-13 02:28:49,889&amp#27;[0;39m &amp#27;[39mDEBUG&amp#27;[0;39m [&amp#27;[34mmain&amp#27;[0;39m] &amp#27;[33mo.s.b.SpringApplication&amp#27;[0;39m                         : Loading source class com.backend.padinfo_backend.PadinfoBackendApplication
&amp#27;[37m2024-12-13 02:28:49,976&amp#27;[0;39m &amp#27;[39mDEBUG&amp#27;[0;39m [&amp#27;[34mmain&amp#27;[0;39m] &amp#27;[33mo.s.c.s.AbstractApplicationContext&amp#27;[0;39m              : Refreshing org.springframework.web.context.support.GenericWebApplicationContext@6025d790
&amp#27;[37m2024-12-13 02:28:50,024&amp#27;[0;39m &amp#27;[39mDEBUG&amp#27;[0;39m [&amp#27;[34mmain&amp#27;[0;39m] &amp#27;[33mo.s.b.f.s.DefaultSingletonBeanRegistry&amp#27;[0;39m          : Creating shared instance of singleton bean 'org.springframework.context.annotation.internalConfigurationAnnotationProcessor'
&amp#27;[37m2024-12-13 02:28:50,055&amp#27;[0;39m &amp#27;[39mDEBUG&amp#27;[0;39m [&amp#27;[34mmain&amp#27;[0;39m] &amp#27;[33mo.s.b.f.s.DefaultSingletonBeanRegistry&amp#27;[0;39m          : Creating shared instance of singleton bean 'org.springframework.boot.autoconfigure.internalCachingMetadataReaderFactory'
&amp#27;[37m2024-12-13 02:28:50,200&amp#27;[0;39m &amp#27;[39mDEBUG&amp#27;[0;39m [&amp#27;[34mmain&amp#27;[0;39m] 3mo.s.c.a.ClassPathScanningCandidateComponentProvider&amp#27;[0;39m: Identified candidate component class: file [C:\Users\Usuario\OneDrive\Escritorio\Proyectos_github\padinfo\backend\api\target\classes\com\backend\padinfo_backend\controllers\AuthenticationController.class]
&amp#27;[37m2024-12-13 02:28:50,220&amp#27;[0;39m &amp#27;[39mDEBUG&amp#27;[0;39m [&amp#27;[34mmain&amp#27;[0;39m] 3mo.s.c.a.ClassPathScanningCandidateComponentProvider&amp#27;[0;39m: Identified candidate component class: file [C:\Users\Usuario\OneDrive\Escritorio\Proyectos_github\padinfo\backend\api\target\classes\com\backend\padinfo_backend\controllers\PadinfoController.class]
&amp#27;[37m2024-12-13 02:28:50,239&amp#27;[0;39m &amp#27;[39mDEBUG&amp#27;[0;39m [&amp#27;[34mmain&amp#27;[0;39m] 3mo.s.c.a.ClassPathScanningCandidateComponentProvider&amp#27;[0;39m: Identified candidate component class: file [C:\Users\Usuario\OneDrive\Escritorio\Proyectos_github\padinfo\backend\api\target\classes\com\backend\padinfo_backend\exceptions\ControllerExceptionHandler.class]
&amp#27;[37m2024-12-13 02:28:50,255&amp#27;[0;39m &amp#27;[39mDEBUG&amp#27;[0;39m [&amp#27;[34mmain&amp#27;[0;39m] 3mo.s.c.a.ClassPathScanningCandidateComponentProvider&amp#27;[0;39m: Identified candidate component class: file [C:\Users\Usuario\OneDrive\Escritorio\Proyectos_github\padinfo\backend\api\target\classes\com\backend\padinfo_backend\initialData\DataInitializer.class]
&amp#27;[37m2024-12-13 02:28:50,257&amp#27;[0;39m &amp#27;[39mDEBUG&amp#27;[0;39m [&amp#27;[34mmain&amp#27;[0;39m] 3mo.s.c.a.ClassPathScanningCandidateComponentProvider&amp#27;[0;39m: Identified candidate component class: file [C:\Users\Usuario\OneDrive\Escritorio\Proyectos_github\padinfo\backend\api\target\classes\com\backend\padinfo_backend\mappers\GameMapper.class]
&amp#27;[37m2024-12-13 02:28:50,260&amp#27;[0;39m &amp#27;[39mDEBUG&amp#27;[0;39m [&amp#27;[34mmain&amp#27;[0;39m] 3mo.s.c.a.ClassPathScanningCandidateComponentProvider&amp#27;[0;39m: Identified candidate component class: file [C:\Users\Usuario\OneDrive\Escritorio\Proyectos_github\padinfo\backend\api\target\classes\com\backend\padinfo_backend\mappers\PlayerMapper.class]
&amp#27;[37m2024-12-13 02:28:50,261&amp#27;[0;39m &amp#27;[39mDEBUG&amp#27;[0;39m [&amp#27;[34mmain&amp#27;[0;39m] 3mo.s.c.a.ClassPathScanningCandidateComponentProvider&amp#27;[0;39m: Identified candidate component class: file [C:\Users\Usuario\OneDrive\Escritorio\Proyectos_github\padinfo\backend\api\target\classes\com\backend\padinfo_backend\mappers\RolesListConverter.class]
&amp#27;[37m2024-12-13 02:28:50,264&amp#27;[0;39m &amp#27;[39mDEBUG&amp#27;[0;39m [&amp#27;[34mmain&amp#27;[0;39m] 3mo.s.c.a.ClassPathScanningCandidateComponentProvider&amp#27;[0;39m: Identified candidate component class: file [C:\Users\Usuario\OneDrive\Escritorio\Proyectos_github\padinfo\backend\api\target\classes\com\backend\padinfo_backend\mappers\TournamentMapper.class]
&amp#27;[37m2024-12-13 02:28:50,266&amp#27;[0;39m &amp#27;[39mDEBUG&amp#27;[0;39m [&amp#27;[34mmain&amp#27;[0;39m] 3mo.s.c.a.ClassPathScanningCandidateComponentProvider&amp#27;[0;39m: Identified candidate component class: file [C:\Users\Usuario\OneDrive\Escritorio\Proyectos_github\padinfo\backend\api\target\classes\com\backend\padinfo_backend\mappers\UserInfoMapper.class]
&amp#27;[37m2024-12-13 02:28:50,315&amp#27;[0;39m &amp#27;[39mDEBUG&amp#27;[0;39m [&amp#27;[34mmain&amp#27;[0;39m] 3mo.s.c.a.ClassPathScanningCandidateComponentProvider&amp#27;[0;39m: Ignored because not a concrete top-level class: file [C:\Users\Usuario\OneDrive\Escritorio\Proyectos_github\padinfo\backend\api\target\classes\com\backend\padinfo_backend\model\repository\IGameRepository.class]
&amp#27;[37m2024-12-13 02:28:50,317&amp#27;[0;39m &amp#27;[39mDEBUG&amp#27;[0;39m [&amp#27;[34mmain&amp#27;[0;39m] 3mo.s.c.a.ClassPathScanningCandidateComponentProvider&amp#27;[0;39m: Ignored because not a concrete top-level class: file [C:\Users\Usuario\OneDrive\Escritorio\Proyectos_github\padinfo\backend\api\target\classes\com\backend\padinfo_backend\model\repository\IPlayerRepository.class]
&amp#27;[37m2024-12-13 02:28:50,319&amp#27;[0;39m &amp#27;[39mDEBUG&amp#27;[0;39m [&amp#27;[34mmain&amp#27;[0;39m] 3mo.s.c.a.ClassPathScanningCandidateComponentProvider&amp#27;[0;39m: Ignored because not a concrete top-level class: file [C:\Users\Usuario\OneDrive\Escritorio\Proyectos_github\padinfo\backend\api\target\classes\com\backend\padinfo_backend\model\repository\IRoleRepository.class]
&amp#27;[37m2024-12-13 02:28:50,322&amp#27;[0;39m &amp#27;[39mDEBUG&amp#27;[0;39m [&amp#27;[34mmain&amp#27;[0;39m] 3mo.s.c.a.ClassPathScanningCandidateComponentProvider&amp#27;[0;39m: Ignored because not a concrete top-level class: file [C:\Users\Usuario\OneDrive\Escritorio\Proyectos_github\padinfo\backend\api\target\classes\com\backend\padinfo_backend\model\repository\ITournamentRepository.class]
&amp#27;[37m2024-12-13 02:28:50,325&amp#27;[0;39m &amp#27;[39mDEBUG&amp#27;[0;39m [&amp#27;[34mmain&amp#27;[0;39m] 3mo.s.c.a.ClassPathScanningCandidateComponentProvider&amp#27;[0;39m: Ignored because not a concrete top-level class: file [C:\Users\Usuario\OneDrive\Escritorio\Proyectos_github\padinfo\backend\api\target\classes\com\backend\padinfo_backend\model\repository\IUserInfoRepository.class]
&amp#27;[37m2024-12-13 02:28:50,329&amp#27;[0;39m &amp#27;[39mDEBUG&amp#27;[0;39m [&amp#27;[34mmain&amp#27;[0;39m] 3mo.s.c.a.ClassPathScanningCandidateComponentProvider&amp#27;[0;39m: Identified candidate component class: file [C:\Users\Usuario\OneDrive\Escritorio\Proyectos_github\padinfo\backend\api\target\classes\com\backend\padinfo_backend\model\service\Authentication\AuthenticationService.class]
&amp#27;[37m2024-12-13 02:28:50,333&amp#27;[0;39m &amp#27;[39mDEBUG&amp#27;[0;39m [&amp#27;[34mmain&amp#27;[0;39m] 3mo.s.c.a.ClassPathScanningCandidateComponentProvider&amp#27;[0;39m: Identified candidate component class: file [C:\Users\Usuario\OneDrive\Escritorio\Proyectos_github\padinfo\backend\api\target\classes\com\backend\padinfo_backend\model\service\Game\GameService.class]
&amp#27;[37m2024-12-13 02:28:50,338&amp#27;[0;39m &amp#27;[39mDEBUG&amp#27;[0;39m [&amp#27;[34mmain&amp#27;[0;39m] 3mo.s.c.a.ClassPathScanningCandidateComponentProvider&amp#27;[0;39m: Identified candidate component class: file [C:\Users\Usuario\OneDrive\Escritorio\Proyectos_github\padinfo\backend\api\target\classes\com\backend\padinfo_backend\model\service\Player\PlayerService.class]
&amp#27;[37m2024-12-13 02:28:50,342&amp#27;[0;39m &amp#27;[39mDEBUG&amp#27;[0;39m [&amp#27;[34mmain&amp#27;[0;39m] 3mo.s.c.a.ClassPathScanningCandidateComponentProvider&amp#27;[0;39m: Identified candidate component class: file [C:\Users\Usuario\OneDrive\Escritorio\Proyectos_github\padinfo\backend\api\target\classes\com\backend\padinfo_backend\model\service\Tournament\TournamentService.class]
&amp#27;[37m2024-12-13 02:28:50,344&amp#27;[0;39m &amp#27;[39mDEBUG&amp#27;[0;39m [&amp#27;[34mmain&amp#27;[0;39m] 3mo.s.c.a.ClassPathScanningCandidateComponentProvider&amp#27;[0;39m: Identified candidate component class: file [C:\Users\Usuario\OneDrive\Escritorio\Proyectos_github\padinfo\backend\api\target\classes\com\backend\padinfo_backend\model\service\UserInfo\CustomUserDetailsService.class]
&amp#27;[37m2024-12-13 02:28:50,348&amp#27;[0;39m &amp#27;[39mDEBUG&amp#27;[0;39m [&amp#27;[34mmain&amp#27;[0;39m] 3mo.s.c.a.ClassPathScanningCandidateComponentProvider&amp#27;[0;39m: Identified candidate component class: file [C:\Users\Usuario\OneDrive\Escritorio\Proyectos_github\padinfo\backend\api\target\classes\com\backend\padinfo_backend\model\service\UserInfo\UserInfoService.class]
&amp#27;[37m2024-12-13 02:28:50,351&amp#27;[0;39m &amp#27;[39mDEBUG&amp#27;[0;39m [&amp#27;[34mmain&amp#27;[0;39m] 3mo.s.c.a.ClassPathScanningCandidateComponentProvider&amp#27;[0;39m: Identified candidate component class: file [C:\Users\Usuario\OneDrive\Escritorio\Proyectos_github\padinfo\backend\api\target\classes\com\backend\padinfo_backend\Security\JwtAuthenticationFilter.class]
&amp#27;[37m2024-12-13 02:28:50,353&amp#27;[0;39m &amp#27;[39mDEBUG&amp#27;[0;39m [&amp#27;[34mmain&amp#27;[0;39m] 3mo.s.c.a.ClassPathScanningCandidateComponentProvider&amp#27;[0;39m: Identified candidate component class: file [C:\Users\Usuario\OneDrive\Escritorio\Proyectos_github\padinfo\backend\api\target\classes\com\backend\padinfo_backend\Security\JwtAuthEntryPoint.class]
&amp#27;[37m2024-12-13 02:28:50,356&amp#27;[0;39m &amp#27;[39mDEBUG&amp#27;[0;39m [&amp#27;[34mmain&amp#27;[0;39m] 3mo.s.c.a.ClassPathScanningCandidateComponentProvider&amp#27;[0;39m: Identified candidate component class: file [C:\Users\Usuario\OneDrive\Escritorio\Proyectos_github\padinfo\backend\api\target\classes\com\backend\padinfo_backend\Security\JwtTokenProvider.class]
&amp#27;[37m2024-12-13 02:28:50,404&amp#27;[0;39m &amp#27;[39mDEBUG&amp#27;[0;39m [&amp#27;[34mmain&amp#27;[0;39m] 3mo.s.c.a.ClassPathScanningCandidateComponentProvider&amp#27;[0;39m: Identified candidate component class: file [C:\Users\Usuario\OneDrive\Escritorio\Proyectos_github\padinfo\backend\api\target\classes\com\backend\padinfo_backend\Security\SecurityConfig.class]
&amp#27;[37m2024-12-13 02:28:52,425&amp#27;[0;39m &amp#27;[34mINFO &amp#27;[0;39m [&amp#27;[34mmain&amp#27;[0;39m] &amp#27;[33mo.s.d.r.c.RepositoryConfigurationDelegate&amp#27;[0;39m       : Bootstrapping Spring Data JPA repositories in DEFAULT mode.
&amp#27;[37m2024-12-13 02:28:52,448&amp#27;[0;39m &amp#27;[39mDEBUG&amp#27;[0;39m [&amp#27;[34mmain&amp#27;[0;39m] &amp#27;[33mo.s.b.f.s.DefaultSingletonBeanRegistry&amp#27;[0;39m          : Creating shared instance of singleton bean 'org.springframework.boot.autoconfigure.AutoConfigurationPackages'
&amp#27;[37m2024-12-13 02:28:52,468&amp#27;[0;39m &amp#27;[39mDEBUG&amp#27;[0;39m [&amp#27;[34mmain&amp#27;[0;39m] &amp#27;[33mo.s.b.a.AutoConfigurationPackages$BasePackages&amp#27;[0;39m  : @EnableAutoConfiguration was declared on a class in the package 'com.backend.padinfo_backend'. Automatic @Repository and @Entity scanning is enabled.
&amp#27;[37m2024-12-13 02:28:52,469&amp#27;[0;39m &amp#27;[39mDEBUG&amp#27;[0;39m [&amp#27;[34mmain&amp#27;[0;39m] &amp#27;[33mo.s.d.r.c.RepositoryConfigurationDelegate&amp#27;[0;39m       : Scanning for JPA repositories in packages com.backend.padinfo_backend.
&amp#27;[37m2024-12-13 02:28:52,504&amp#27;[0;39m &amp#27;[39mDEBUG&amp#27;[0;39m [&amp#27;[34mmain&amp#27;[0;39m] 3mo.s.c.a.ClassPathScanningCandidateComponentProvider&amp#27;[0;39m: Identified candidate component class: file [C:\Users\Usuario\OneDrive\Escritorio\Proyectos_github\padinfo\backend\api\target\classes\com\backend\padinfo_backend\model\repository\IGameRepository.class]
&amp#27;[37m2024-12-13 02:28:52,506&amp#27;[0;39m &amp#27;[39mDEBUG&amp#27;[0;39m [&amp#27;[34mmain&amp#27;[0;39m] 3mo.s.c.a.ClassPathScanningCandidateComponentProvider&amp#27;[0;39m: Identified candidate component class: file [C:\Users\Usuario\OneDrive\Escritorio\Proyectos_github\padinfo\backend\api\target\classes\com\backend\padinfo_backend\model\repository\IPlayerRepository.class]
&amp#27;[37m2024-12-13 02:28:52,510&amp#27;[0;39m &amp#27;[39mDEBUG&amp#27;[0;39m [&amp#27;[34mmain&amp#27;[0;39m] 3mo.s.c.a.ClassPathScanningCandidateComponentProvider&amp#27;[0;39m: Identified candidate component class: file [C:\Users\Usuario\OneDrive\Escritorio\Proyectos_github\padinfo\backend\api\target\classes\com\backend\padinfo_backend\model\repository\IRoleRepository.class]
&amp#27;[37m2024-12-13 02:28:52,511&amp#27;[0;39m &amp#27;[39mDEBUG&amp#27;[0;39m [&amp#27;[34mmain&amp#27;[0;39m] 3mo.s.c.a.ClassPathScanningCandidateComponentProvider&amp#27;[0;39m: Identified candidate component class: file [C:\Users\Usuario\OneDrive\Escritorio\Proyectos_github\padinfo\backend\api\target\classes\com\backend\padinfo_backend\model\repository\ITournamentRepository.class]
&amp#27;[37m2024-12-13 02:28:52,513&amp#27;[0;39m &amp#27;[39mDEBUG&amp#27;[0;39m [&amp#27;[34mmain&amp#27;[0;39m] 3mo.s.c.a.ClassPathScanningCandidateComponentProvider&amp#27;[0;39m: Identified candidate component class: file [C:\Users\Usuario\OneDrive\Escritorio\Proyectos_github\padinfo\backend\api\target\classes\com\backend\padinfo_backend\model\repository\IUserInfoRepository.class]
&amp#27;[37m2024-12-13 02:28:52,638&amp#27;[0;39m &amp#27;[34mINFO &amp#27;[0;39m [&amp#27;[34mmain&amp#27;[0;39m] &amp#27;[33mo.s.d.r.c.RepositoryConfigurationDelegate&amp#27;[0;39m       : Finished Spring Data repository scanning in 164 ms. Found 5 JPA repository interfaces.
&amp#27;[37m2024-12-13 02:28:53,006&amp#27;[0;39m &amp#27;[39mDEBUG&amp#27;[0;39m [&amp#27;[34mmain&amp#27;[0;39m] &amp#27;[33mo.s.b.f.s.DefaultSingletonBeanRegistry&amp#27;[0;39m          : Creating shared instance of singleton bean 'springSecurityHandlerMappingIntrospectorBeanDefinitionRegistryPostProcessor'
&amp#27;[37m2024-12-13 02:28:53,294&amp#27;[0;39m &amp#27;[39mDEBUG&amp#27;[0;39m [&amp#27;[34mmain&amp#27;[0;39m] &amp#27;[33mo.s.b.f.s.DefaultSingletonBeanRegistry&amp#27;[0;39m          : Creating shared instance of singleton bean 'propertySourcesPlaceholderConfigurer'
&amp#27;[37m2024-12-13 02:28:53,300&amp#27;[0;39m &amp#27;[39mDEBUG&amp#27;[0;39m [&amp#27;[34mmain&amp#27;[0;39m] &amp#27;[33mo.s.b.f.s.DefaultSingletonBeanRegistry&amp#27;[0;39m          : Creating shared instance of singleton bean 'org.springframework.boot.test.mock.mockito.MockitoPostProcessor'
&amp#27;[37m2024-12-13 02:28:53,303&amp#27;[0;39m &amp#27;[39mDEBUG&amp#27;[0;39m [&amp#27;[34mmain&amp#27;[0;39m] &amp#27;[33mo.s.b.f.s.DefaultSingletonBeanRegistry&amp#27;[0;39m          : Creating shared instance of singleton bean 'emBeanDefinitionRegistrarPostProcessor'
&amp#27;[37m2024-12-13 02:28:53,305&amp#27;[0;39m &amp#27;[39mDEBUG&amp#27;[0;39m [&amp#27;[34mmain&amp#27;[0;39m] &amp#27;[33mo.s.b.f.s.DefaultSingletonBeanRegistry&amp#27;[0;39m          : Creating shared instance of singleton bean 'org.springframework.boot.sql.init.dependency.DatabaseInitializationDependencyConfigurer$DependsOnDatabaseInitializationPostProcessor'
&amp#27;[37m2024-12-13 02:28:53,451&amp#27;[0;39m &amp#27;[39mDEBUG&amp#27;[0;39m [&amp#27;[34mmain&amp#27;[0;39m] &amp#27;[33mo.s.b.f.s.DefaultSingletonBeanRegistry&amp#27;[0;39m          : Creating shared instance of singleton bean 'org.springframework.context.event.internalEventListenerProcessor'
&amp#27;[37m2024-12-13 02:28:53,455&amp#27;[0;39m &amp#27;[39mDEBUG&amp#27;[0;39m [&amp#27;[34mmain&amp#27;[0;39m] &amp#27;[33mo.s.b.f.s.DefaultSingletonBeanRegistry&amp#27;[0;39m          : Creating shared instance of singleton bean 'conversionServicePostProcessor'
&amp#27;[37m2024-12-13 02:28:53,476&amp#27;[0;39m &amp#27;[39mDEBUG&amp#27;[0;39m [&amp#27;[34mmain&amp#27;[0;39m] &amp#27;[33mo.s.b.f.s.DefaultSingletonBeanRegistry&amp#27;[0;39m          : Creating shared instance of singleton bean 'preserveErrorControllerTargetClassPostProcessor'
&amp#27;[37m2024-12-13 02:28:53,479&amp#27;[0;39m &amp#27;[39mDEBUG&amp#27;[0;39m [&amp#27;[34mmain&amp#27;[0;39m] &amp#27;[33mo.s.b.f.s.DefaultSingletonBeanRegistry&amp#27;[0;39m          : Creating shared instance of singleton bean 'org.springframework.context.event.internalEventListenerFactory'
&amp#27;[37m2024-12-13 02:28:53,480&amp#27;[0;39m &amp#27;[39mDEBUG&amp#27;[0;39m [&amp#27;[34mmain&amp#27;[0;39m] &amp#27;[33mo.s.b.f.s.DefaultSingletonBeanRegistry&amp#27;[0;39m          : Creating shared instance of singleton bean 'org.springframework.transaction.config.internalTransactionalEventListenerFactory'
&amp#27;[37m2024-12-13 02:28:53,496&amp#27;[0;39m &amp#27;[39mDEBUG&amp#27;[0;39m [&amp#27;[34mmain&amp#27;[0;39m] &amp#27;[33mo.s.b.f.s.DefaultSingletonBeanRegistry&amp#27;[0;39m          : Creating shared instance of singleton bean 'org.springframework.boot.test.mock.mockito.MockitoPostProcessor$SpyPostProcessor'
&amp#27;[37m2024-12-13 02:28:53,499&amp#27;[0;39m &amp#27;[39mDEBUG&amp#27;[0;39m [&amp#27;[34mmain&amp#27;[0;39m] &amp#27;[33mo.s.b.f.s.DefaultSingletonBeanRegistry&amp#27;[0;39m          : Creating shared instance of singleton bean 'org.springframework.context.annotation.internalAutowiredAnnotationProcessor'
&amp#27;[37m2024-12-13 02:28:53,504&amp#27;[0;39m &amp#27;[39mDEBUG&amp#27;[0;39m [&amp#27;[34mmain&amp#27;[0;39m] &amp#27;[33mo.s.b.f.s.DefaultSingletonBeanRegistry&amp#27;[0;39m          : Creating shared instance of singleton bean 'org.springframework.context.annotation.internalCommonAnnotationProcessor'
&amp#27;[37m2024-12-13 02:28:53,516&amp#27;[0;39m &amp#27;[39mDEBUG&amp#27;[0;39m [&amp#27;[34mmain&amp#27;[0;39m] &amp#27;[33mo.s.b.f.s.DefaultSingletonBeanRegistry&amp#27;[0;39m          : Creating shared instance of singleton bean 'org.springframework.context.annotation.internalPersistenceAnnotationProcessor'
&amp#27;[37m2024-12-13 02:28:53,518&amp#27;[0;39m &amp#27;[39mDEBUG&amp#27;[0;39m [&amp#27;[34mmain&amp#27;[0;39m] &amp#27;[33mo.s.b.f.s.DefaultSingletonBeanRegistry&amp#27;[0;39m          : Creating shared instance of singleton bean 'org.springframework.boot.context.properties.ConfigurationPropertiesBindingPostProcessor'
&amp#27;[37m2024-12-13 02:28:53,519&amp#27;[0;39m &amp#27;[39mDEBUG&amp#27;[0;39m [&amp#27;[34mmain&amp#27;[0;39m] &amp#27;[33mo.s.b.f.s.DefaultSingletonBeanRegistry&amp#27;[0;39m          : Creating shared instance of singleton bean 'org.springframework.boot.context.internalConfigurationPropertiesBinder'
&amp#27;[37m2024-12-13 02:28:53,523&amp#27;[0;39m &amp#27;[39mDEBUG&amp#27;[0;39m [&amp#27;[34mmain&amp#27;[0;39m] &amp#27;[33mo.s.b.f.s.DefaultSingletonBeanRegistry&amp#27;[0;39m          : Creating shared instance of singleton bean 'jdbcConnectionDetailsHikariBeanPostProcessor'
&amp#27;[37m2024-12-13 02:28:53,542&amp#27;[0;39m &amp#27;[39mDEBUG&amp#27;[0;39m [&amp#27;[34mmain&amp#27;[0;39m] &amp#27;[33mo.s.b.f.s.DefaultSingletonBeanRegistry&amp#27;[0;39m          : Creating shared instance of singleton bean 'org.springframework.aop.config.internalAutoProxyCreator'
&amp#27;[37m2024-12-13 02:28:53,591&amp#27;[0;39m &amp#27;[39mDEBUG&amp#27;[0;39m [&amp#27;[34mmain&amp#27;[0;39m] &amp#27;[33mo.s.b.f.s.DefaultSingletonBeanRegistry&amp#27;[0;39m          : Creating shared instance of singleton bean 'methodValidationPostProcessor'
&amp#27;[37m2024-12-13 02:28:53,625&amp#27;[0;39m &amp#27;[39mDEBUG&amp#27;[0;39m [&amp#27;[34mmain&amp#27;[0;39m] &amp#27;[33mo.s.b.f.s.ConstructorResolver&amp#27;[0;39m                   : Autowiring by type from bean name 'methodValidationPostProcessor' via factory method to bean named 'environment'
&amp#27;[37m2024-12-13 02:28:53,630&amp#27;[0;39m &amp#27;[39mDEBUG&amp#27;[0;39m [&amp#27;[34mmain&amp#27;[0;39m] &amp#27;[33mo.s.b.f.s.DefaultSingletonBeanRegistry&amp#27;[0;39m          : Creating shared instance of singleton bean 'org.springframework.boot.context.properties.EnableConfigurationPropertiesRegistrar.methodValidationExcludeFilter'
&amp#27;[37m2024-12-13 02:28:53,668&amp#27;[0;39m &amp#27;[39mDEBUG&amp#27;[0;39m [&amp#27;[34mmain&amp#27;[0;39m] &amp#27;[33mo.s.b.f.s.DefaultSingletonBeanRegistry&amp#27;[0;39m          : Creating shared instance of singleton bean 'persistenceExceptionTranslationPostProcessor'
&amp#27;[37m2024-12-13 02:28:53,670&amp#27;[0;39m &amp#27;[39mDEBUG&amp#27;[0;39m [&amp#27;[34mmain&amp#27;[0;39m] &amp#27;[33mo.s.b.f.s.ConstructorResolver&amp#27;[0;39m                   : Autowiring by type from bean name 'persistenceExceptionTranslationPostProcessor' via factory method to bean named 'environment'
&amp#27;[37m2024-12-13 02:28:53,674&amp#27;[0;39m &amp#27;[39mDEBUG&amp#27;[0;39m [&amp#27;[34mmain&amp#27;[0;39m] &amp#27;[33mo.s.b.f.s.DefaultSingletonBeanRegistry&amp#27;[0;39m          : Creating shared instance of singleton bean 'webServerFactoryCustomizerBeanPostProcessor'
&amp#27;[37m2024-12-13 02:28:53,676&amp#27;[0;39m &amp#27;[39mDEBUG&amp#27;[0;39m [&amp#27;[34mmain&amp#27;[0;39m] &amp#27;[33mo.s.b.f.s.DefaultSingletonBeanRegistry&amp#27;[0;39m          : Creating shared instance of singleton bean 'errorPageRegistrarBeanPostProcessor'
&amp#27;[37m2024-12-13 02:28:53,679&amp#27;[0;39m &amp#27;[39mDEBUG&amp#27;[0;39m [&amp#27;[34mmain&amp#27;[0;39m] &amp#27;[33mo.s.b.f.s.DefaultSingletonBeanRegistry&amp#27;[0;39m          : Creating shared instance of singleton bean 'hypermediaRepresentionModelProcessorConfigurator'
&amp#27;[37m2024-12-13 02:28:53,683&amp#27;[0;39m &amp#27;[39mDEBUG&amp#27;[0;39m [&amp#27;[34mmain&amp#27;[0;39m] &amp#27;[33mo.s.b.f.s.DefaultSingletonBeanRegistry&amp#27;[0;39m          : Creating shared instance of singleton bean 'preFilterAuthorizationAdvisor'
&amp#27;[37m2024-12-13 02:28:53,685&amp#27;[0;39m &amp#27;[39mDEBUG&amp#27;[0;39m [&amp#27;[34mmain&amp#27;[0;39m] &amp#27;[33mo.s.b.f.s.ConstructorResolver&amp#27;[0;39m                   : Autowiring by type from bean name 'preFilterAuthorizationAdvisor' via factory method to bean named 'org.springframework.web.context.support.GenericWebApplicationContext@6025d790'
&amp#27;[37m2024-12-13 02:28:53,731&amp#27;[0;39m &amp#27;[39mDEBUG&amp#27;[0;39m [&amp#27;[34mmain&amp#27;[0;39m] &amp#27;[33mo.s.b.f.s.DefaultSingletonBeanRegistry&amp#27;[0;39m          : Creating shared instance of singleton bean 'preAuthorizeAuthorizationAdvisor'
&amp#27;[37m2024-12-13 02:28:53,735&amp#27;[0;39m &amp#27;[39mDEBUG&amp#27;[0;39m [&amp#27;[34mmain&amp#27;[0;39m] &amp#27;[33mo.s.b.f.s.ConstructorResolver&amp#27;[0;39m                   : Autowiring by type from bean name 'preAuthorizeAuthorizationAdvisor' via factory method to bean named 'org.springframework.web.context.support.GenericWebApplicationContext@6025d790'
&amp#27;[37m2024-12-13 02:28:53,750&amp#27;[0;39m &amp#27;[39mDEBUG&amp#27;[0;39m [&amp#27;[34mmain&amp#27;[0;39m] &amp#27;[33mo.s.b.f.s.DefaultSingletonBeanRegistry&amp#27;[0;39m          : Creating shared instance of singleton bean 'postFilterAuthorizationAdvisor'
&amp#27;[37m2024-12-13 02:28:53,752&amp#27;[0;39m &amp#27;[39mDEBUG&amp#27;[0;39m [&amp#27;[34mmain&amp#27;[0;39m] &amp#27;[33mo.s.b.f.s.ConstructorResolver&amp#27;[0;39m                   : Autowiring by type from bean name 'postFilterAuthorizationAdvisor' via factory method to bean named 'org.springframework.web.context.support.GenericWebApplicationContext@6025d790'
&amp#27;[37m2024-12-13 02:28:53,758&amp#27;[0;39m &amp#27;[39mDEBUG&amp#27;[0;39m [&amp#27;[34mmain&amp#27;[0;39m] &amp#27;[33mo.s.b.f.s.DefaultSingletonBeanRegistry&amp#27;[0;39m          : Creating shared instance of singleton bean 'postAuthorizeAuthorizationAdvisor'
&amp#27;[37m2024-12-13 02:28:53,759&amp#27;[0;39m &amp#27;[39mDEBUG&amp#27;[0;39m [&amp#27;[34mmain&amp#27;[0;39m] &amp#27;[33mo.s.b.f.s.ConstructorResolver&amp#27;[0;39m                   : Autowiring by type from bean name 'postAuthorizeAuthorizationAdvisor' via factory method to bean named 'org.springframework.web.context.support.GenericWebApplicationContext@6025d790'
&amp#27;[37m2024-12-13 02:28:53,770&amp#27;[0;39m &amp#27;[39mDEBUG&amp#27;[0;39m [&amp#27;[34mmain&amp#27;[0;39m] &amp#27;[33mo.s.b.f.s.DefaultSingletonBeanRegistry&amp#27;[0;39m          : Creating shared instance of singleton bean 'org.springframework.transaction.config.internalTransactionAdvisor'
&amp#27;[37m2024-12-13 02:28:53,771&amp#27;[0;39m &amp#27;[39mDEBUG&amp#27;[0;39m [&amp#27;[34mmain&amp#27;[0;39m] &amp#27;[33mo.s.b.f.s.DefaultSingletonBeanRegistry&amp#27;[0;39m          : Creating shared instance of singleton bean 'org.springframework.transaction.annotation.ProxyTransactionManagementConfiguration'
&amp#27;[37m2024-12-13 02:28:53,809&amp#27;[0;39m &amp#27;[39mDEBUG&amp#27;[0;39m [&amp#27;[34mmain&amp#27;[0;39m] &amp#27;[33mo.s.b.f.s.DefaultSingletonBeanRegistry&amp#27;[0;39m          : Creating shared instance of singleton bean 'transactionAttributeSource'
&amp#27;[37m2024-12-13 02:28:53,815&amp#27;[0;39m &amp#27;[39mDEBUG&amp#27;[0;39m [&amp#27;[34mmain&amp#27;[0;39m] &amp#27;[33mo.s.b.f.s.DefaultSingletonBeanRegistry&amp#27;[0;39m          : Creating shared instance of singleton bean 'transactionInterceptor'
&amp#27;[37m2024-12-13 02:28:53,817&amp#27;[0;39m &amp#27;[39mDEBUG&amp#27;[0;39m [&amp#27;[34mmain&amp#27;[0;39m] &amp#27;[33mo.s.b.f.s.ConstructorResolver&amp#27;[0;39m                   : Autowiring by type from bean name 'transactionInterceptor' via factory method to bean named 'transactionAttributeSource'
&amp#27;[37m2024-12-13 02:28:53,843&amp#27;[0;39m &amp#27;[39mDEBUG&amp#27;[0;39m [&amp#27;[34mmain&amp#27;[0;39m] &amp#27;[33mo.s.b.f.s.ConstructorResolver&amp#27;[0;39m                   : Autowiring by type from bean name 'org.springframework.transaction.config.internalTransactionAdvisor' via factory method to bean named 'transactionAttributeSource'
&amp#27;[37m2024-12-13 02:28:53,843&amp#27;[0;39m &amp#27;[39mDEBUG&amp#27;[0;39m [&amp#27;[34mmain&amp#27;[0;39m] &amp#27;[33mo.s.b.f.s.ConstructorResolver&amp#27;[0;39m                   : Autowiring by type from bean name 'org.springframework.transaction.config.internalTransactionAdvisor' via factory method to bean named 'transactionInterceptor'
&amp#27;[37m2024-12-13 02:28:53,852&amp#27;[0;39m &amp#27;[39mDEBUG&amp#27;[0;39m [&amp#27;[34mmain&amp#27;[0;39m] &amp#27;[33mo.s.b.f.s.DefaultSingletonBeanRegistry&amp#27;[0;39m          : Creating shared instance of singleton bean 'hypermediaRestTemplateBeanPostProcessor'
&amp#27;[37m2024-12-13 02:28:53,855&amp#27;[0;39m &amp#27;[39mDEBUG&amp#27;[0;39m [&amp#27;[34mmain&amp#27;[0;39m] &amp#27;[33mo.s.b.f.s.DefaultSingletonBeanRegistry&amp#27;[0;39m          : Creating shared instance of singleton bean 'projectionDefinitionRegistrar'
&amp#27;[37m2024-12-13 02:28:53,859&amp#27;[0;39m &amp#27;[39mDEBUG&amp#27;[0;39m [&amp#27;[34mmain&amp#27;[0;39m] &amp#27;[33mo.s.b.f.s.DefaultSingletonBeanRegistry&amp#27;[0;39m          : Creating shared instance of singleton bean 'annotatedEventHandlerInvoker'
&amp#27;[37m2024-12-13 02:28:53,875&amp#27;[0;39m &amp#27;[39mDEBUG&amp#27;[0;39m [&amp#27;[34mmain&amp#27;[0;39m] &amp#27;[33mo.s.u.c.s.UiApplicationContextUtils&amp#27;[0;39m             : Unable to locate ThemeSource with name 'themeSource': using default [org.springframework.ui.context.support.ResourceBundleThemeSource@98722ef]
&amp#27;[37m2024-12-13 02:28:53,878&amp#27;[0;39m &amp#27;[39mDEBUG&amp#27;[0;39m [&amp#27;[34mmain&amp#27;[0;39m] &amp#27;[33mo.s.b.f.s.DefaultSingletonBeanRegistry&amp#27;[0;39m          : Creating shared instance of singleton bean 'dataSourceScriptDatabaseInitializer'
&amp#27;[37m2024-12-13 02:28:53,878&amp#27;[0;39m &amp#27;[39mDEBUG&amp#27;[0;39m [&amp#27;[34mmain&amp#27;[0;39m] &amp#27;[33mo.s.b.f.s.DefaultSingletonBeanRegistry&amp#27;[0;39m          : Creating shared instance of singleton bean 'org.springframework.boot.autoconfigure.sql.init.DataSourceInitializationConfiguration'
&amp#27;[37m2024-12-13 02:28:53,890&amp#27;[0;39m &amp#27;[39mDEBUG&amp#27;[0;39m [&amp#27;[34mmain&amp#27;[0;39m] &amp#27;[33mo.s.b.f.s.DefaultSingletonBeanRegistry&amp#27;[0;39m          : Creating shared instance of singleton bean 'dataSource'
&amp#27;[37m2024-12-13 02:28:53,892&amp#27;[0;39m &amp#27;[39mDEBUG&amp#27;[0;39m [&amp#27;[34mmain&amp#27;[0;39m] &amp#27;[33mo.s.b.f.s.DefaultSingletonBeanRegistry&amp#27;[0;39m          : Creating shared instance of singleton bean 'org.springframework.boot.autoconfigure.jdbc.DataSourceConfiguration$Hikari'
&amp#27;[37m2024-12-13 02:28:53,895&amp#27;[0;39m &amp#27;[39mDEBUG&amp#27;[0;39m [&amp#27;[34mmain&amp#27;[0;39m] &amp#27;[33mo.s.b.f.s.DefaultSingletonBeanRegistry&amp#27;[0;39m          : Creating shared instance of singleton bean 'spring.datasource-org.springframework.boot.autoconfigure.jdbc.DataSourceProperties'
&amp#27;[37m2024-12-13 02:28:53,898&amp#27;[0;39m &amp#27;[39mDEBUG&amp#27;[0;39m [&amp#27;[34mmain&amp#27;[0;39m] &amp#27;[33mo.s.b.f.s.DefaultSingletonBeanRegistry&amp#27;[0;39m          : Creating shared instance of singleton bean 'org.springframework.boot.context.properties.BoundConfigurationProperties'
&amp#27;[37m2024-12-13 02:28:53,934&amp#27;[0;39m &amp#27;[39mDEBUG&amp#27;[0;39m [&amp#27;[34mmain&amp#27;[0;39m] &amp#27;[33mo.s.b.f.s.DefaultSingletonBeanRegistry&amp#27;[0;39m          : Creating shared instance of singleton bean 'jdbcConnectionDetails'
&amp#27;[37m2024-12-13 02:28:53,935&amp#27;[0;39m &amp#27;[39mDEBUG&amp#27;[0;39m [&amp#27;[34mmain&amp#27;[0;39m] &amp#27;[33mo.s.b.f.s.DefaultSingletonBeanRegistry&amp#27;[0;39m          : Creating shared instance of singleton bean 'org.springframework.boot.autoconfigure.jdbc.DataSourceAutoConfiguration$PooledDataSourceConfiguration'
&amp#27;[37m2024-12-13 02:28:53,938&amp#27;[0;39m &amp#27;[39mDEBUG&amp#27;[0;39m [&amp#27;[34mmain&amp#27;[0;39m] &amp#27;[33mo.s.b.f.s.ConstructorResolver&amp#27;[0;39m                   : Autowiring by type from bean name 'jdbcConnectionDetails' via factory method to bean named 'spring.datasource-org.springframework.boot.autoconfigure.jdbc.DataSourceProperties'
&amp#27;[37m2024-12-13 02:28:53,941&amp#27;[0;39m &amp#27;[39mDEBUG&amp#27;[0;39m [&amp#27;[34mmain&amp#27;[0;39m] &amp#27;[33mo.s.b.f.s.ConstructorResolver&amp#27;[0;39m                   : Autowiring by type from bean name 'dataSource' via factory method to bean named 'spring.datasource-org.springframework.boot.autoconfigure.jdbc.DataSourceProperties'
&amp#27;[37m2024-12-13 02:28:53,943&amp#27;[0;39m &amp#27;[39mDEBUG&amp#27;[0;39m [&amp#27;[34mmain&amp#27;[0;39m] &amp#27;[33mo.s.b.f.s.ConstructorResolver&amp#27;[0;39m                   : Autowiring by type from bean name 'dataSource' via factory method to bean named 'jdbcConnectionDetails'
&amp#27;[37m2024-12-13 02:28:54,005&amp#27;[0;39m &amp#27;[39mDEBUG&amp#27;[0;39m [&amp#27;[34mmain&amp#27;[0;39m] &amp#27;[33mo.s.b.f.s.DefaultSingletonBeanRegistry&amp#27;[0;39m          : Creating shared instance of singleton bean 'spring.sql.init-org.springframework.boot.autoconfigure.sql.init.SqlInitializationProperties'
&amp#27;[37m2024-12-13 02:28:54,014&amp#27;[0;39m &amp#27;[39mDEBUG&amp#27;[0;39m [&amp#27;[34mmain&amp#27;[0;39m] &amp#27;[33mo.s.b.f.s.ConstructorResolver&amp#27;[0;39m                   : Autowiring by type from bean name 'dataSourceScriptDatabaseInitializer' via factory method to bean named 'dataSource'
&amp#27;[37m2024-12-13 02:28:54,015&amp#27;[0;39m &amp#27;[39mDEBUG&amp#27;[0;39m [&amp#27;[34mmain&amp#27;[0;39m] &amp#27;[33mo.s.b.f.s.ConstructorResolver&amp#27;[0;39m                   : Autowiring by type from bean name 'dataSourceScriptDatabaseInitializer' via factory method to bean named 'spring.sql.init-org.springframework.boot.autoconfigure.sql.init.SqlInitializationProperties'
&amp#27;[37m2024-12-13 02:28:54,046&amp#27;[0;39m &amp#27;[39mDEBUG&amp#27;[0;39m [&amp#27;[34mmain&amp#27;[0;39m] &amp#27;[33mo.s.b.f.s.DefaultSingletonBeanRegistry&amp#27;[0;39m          : Creating shared instance of singleton bean 'entityManagerFactory'
&amp#27;[37m2024-12-13 02:28:54,048&amp#27;[0;39m &amp#27;[39mDEBUG&amp#27;[0;39m [&amp#27;[34mmain&amp#27;[0;39m] &amp#27;[33mo.s.b.f.s.DefaultSingletonBeanRegistry&amp#27;[0;39m          : Creating shared instance of singleton bean 'org.springframework.boot.autoconfigure.orm.jpa.HibernateJpaConfiguration'
&amp#27;[37m2024-12-13 02:28:54,052&amp#27;[0;39m &amp#27;[39mDEBUG&amp#27;[0;39m [&amp#27;[34mmain&amp#27;[0;39m] &amp#27;[33mo.s.b.f.s.DefaultSingletonBeanRegistry&amp#27;[0;39m          : Creating shared instance of singleton bean 'spring.jpa-org.springframework.boot.autoconfigure.orm.jpa.JpaProperties'
&amp#27;[37m2024-12-13 02:28:54,065&amp#27;[0;39m &amp#27;[39mDEBUG&amp#27;[0;39m [&amp#27;[34mmain&amp#27;[0;39m] &amp#27;[33mo.s.b.f.s.DefaultSingletonBeanRegistry&amp#27;[0;39m          : Creating shared instance of singleton bean 'spring.jpa.hibernate-org.springframework.boot.autoconfigure.orm.jpa.HibernateProperties'
&amp#27;[37m2024-12-13 02:28:54,070&amp#27;[0;39m &amp#27;[39mDEBUG&amp#27;[0;39m [&amp#27;[34mmain&amp#27;[0;39m] &amp#27;[33mo.s.b.f.s.ConstructorResolver&amp#27;[0;39m                   : Autowiring by type from bean name 'org.springframework.boot.autoconfigure.orm.jpa.HibernateJpaConfiguration' via constructor to bean named 'dataSource'
&amp#27;[37m2024-12-13 02:28:54,071&amp#27;[0;39m &amp#27;[39mDEBUG&amp#27;[0;39m [&amp#27;[34mmain&amp#27;[0;39m] &amp#27;[33mo.s.b.f.s.ConstructorResolver&amp#27;[0;39m                   : Autowiring by type from bean name 'org.springframework.boot.autoconfigure.orm.jpa.HibernateJpaConfiguration' via constructor to bean named 'spring.jpa-org.springframework.boot.autoconfigure.orm.jpa.JpaProperties'
&amp#27;[37m2024-12-13 02:28:54,073&amp#27;[0;39m &amp#27;[39mDEBUG&amp#27;[0;39m [&amp#27;[34mmain&amp#27;[0;39m] &amp#27;[33mo.s.b.f.s.ConstructorResolver&amp#27;[0;39m                   : Autowiring by type from bean name 'org.springframework.boot.autoconfigure.orm.jpa.HibernateJpaConfiguration' via constructor to bean named 'org.springframework.beans.factory.support.DefaultListableBeanFactory@73c31181'
&amp#27;[37m2024-12-13 02:28:54,076&amp#27;[0;39m &amp#27;[39mDEBUG&amp#27;[0;39m [&amp#27;[34mmain&amp#27;[0;39m] &amp#27;[33mo.s.b.f.s.ConstructorResolver&amp#27;[0;39m                   : Autowiring by type from bean name 'org.springframework.boot.autoconfigure.orm.jpa.HibernateJpaConfiguration' via constructor to bean named 'spring.jpa.hibernate-org.springframework.boot.autoconfigure.orm.jpa.HibernateProperties'
&amp#27;[37m2024-12-13 02:28:54,082&amp#27;[0;39m &amp#27;[39mDEBUG&amp#27;[0;39m [&amp#27;[34mmain&amp#27;[0;39m] &amp#27;[33mo.s.b.f.s.DefaultSingletonBeanRegistry&amp#27;[0;39m          : Creating shared instance of singleton bean 'hikariPoolDataSourceMetadataProvider'
&amp#27;[37m2024-12-13 02:28:54,084&amp#27;[0;39m &amp#27;[39mDEBUG&amp#27;[0;39m [&amp#27;[34mmain&amp#27;[0;39m] &amp#27;[33mo.s.b.f.s.DefaultSingletonBeanRegistry&amp#27;[0;39m          : Creating shared instance of singleton bean 'org.springframework.boot.autoconfigure.jdbc.metadata.DataSourcePoolMetadataProvidersConfiguration$HikariPoolDataSourceMetadataProviderConfiguration'
&amp#27;[37m2024-12-13 02:28:54,138&amp#27;[0;39m &amp#27;[39mDEBUG&amp#27;[0;39m [&amp#27;[34mmain&amp#27;[0;39m] &amp#27;[33mo.s.b.f.s.DefaultSingletonBeanRegistry&amp#27;[0;39m          : Creating shared instance of singleton bean 'entityManagerFactoryBuilder'
&amp#27;[37m2024-12-13 02:28:54,141&amp#27;[0;39m &amp#27;[39mDEBUG&amp#27;[0;39m [&amp#27;[34mmain&amp#27;[0;39m] &amp#27;[33mo.s.b.f.s.DefaultSingletonBeanRegistry&amp#27;[0;39m          : Creating shared instance of singleton bean 'jpaVendorAdapter'
&amp#27;[37m2024-12-13 02:28:54,196&amp#27;[0;39m &amp#27;[39mDEBUG&amp#27;[0;39m [&amp#27;[34mmain&amp#27;[0;39m] &amp#27;[33mo.s.b.f.s.ConstructorResolver&amp#27;[0;39m                   : Autowiring by type from bean name 'entityManagerFactoryBuilder' via factory method to bean named 'jpaVendorAdapter'
&amp#27;[37m2024-12-13 02:28:54,206&amp#27;[0;39m &amp#27;[39mDEBUG&amp#27;[0;39m [&amp#27;[34mmain&amp#27;[0;39m] &amp#27;[33mo.s.b.f.s.DefaultSingletonBeanRegistry&amp#27;[0;39m          : Creating shared instance of singleton bean 'persistenceManagedTypes'
&amp#27;[37m2024-12-13 02:28:54,210&amp#27;[0;39m &amp#27;[39mDEBUG&amp#27;[0;39m [&amp#27;[34mmain&amp#27;[0;39m] &amp#27;[33mo.s.b.f.s.ConstructorResolver&amp#27;[0;39m                   : Autowiring by type from bean name 'persistenceManagedTypes' via factory method to bean named 'org.springframework.beans.factory.support.DefaultListableBeanFactory@73c31181'
&amp#27;[37m2024-12-13 02:28:54,211&amp#27;[0;39m &amp#27;[39mDEBUG&amp#27;[0;39m [&amp#27;[34mmain&amp#27;[0;39m] &amp#27;[33mo.s.b.f.s.ConstructorResolver&amp#27;[0;39m                   : Autowiring by type from bean name 'persistenceManagedTypes' via factory method to bean named 'org.springframework.web.context.support.GenericWebApplicationContext@6025d790'
&amp#27;[37m2024-12-13 02:28:54,262&amp#27;[0;39m &amp#27;[39mDEBUG&amp#27;[0;39m [&amp#27;[34mmain&amp#27;[0;39m] &amp#27;[33mo.s.b.f.s.ConstructorResolver&amp#27;[0;39m                   : Autowiring by type from bean name 'entityManagerFactory' via factory method to bean named 'entityManagerFactoryBuilder'
&amp#27;[37m2024-12-13 02:28:54,264&amp#27;[0;39m &amp#27;[39mDEBUG&amp#27;[0;39m [&amp#27;[34mmain&amp#27;[0;39m] &amp#27;[33mo.s.b.f.s.ConstructorResolver&amp#27;[0;39m                   : Autowiring by type from bean name 'entityManagerFactory' via factory method to bean named 'persistenceManagedTypes'
&amp#27;[37m2024-12-13 02:28:54,332&amp#27;[0;39m &amp#27;[39mDEBUG&amp#27;[0;39m [&amp#27;[34mmain&amp#27;[0;39m] &amp#27;[33mo.s.o.j.LocalContainerEntityManagerFactoryBean&amp#27;[0;39m  : Building JPA container EntityManagerFactory for persistence unit 'default'
&amp#27;[37m2024-12-13 02:28:54,384&amp#27;[0;39m &amp#27;[34mINFO &amp#27;[0;39m [&amp#27;[34mmain&amp#27;[0;39m] &amp#27;[33mo.h.j.i.u.LogHelper&amp#27;[0;39m                             : HHH000204: Processing PersistenceUnitInfo [name: default]
&amp#27;[37m2024-12-13 02:28:54,668&amp#27;[0;39m &amp#27;[34mINFO &amp#27;[0;39m [&amp#27;[34mmain&amp#27;[0;39m] &amp#27;[33mo.hibernate.Version&amp#27;[0;39m                             : HHH000412: Hibernate ORM core version 6.4.4.Final
&amp#27;[37m2024-12-13 02:28:54,758&amp#27;[0;39m &amp#27;[34mINFO &amp#27;[0;39m [&amp#27;[34mmain&amp#27;[0;39m] &amp#27;[33mo.h.c.i.RegionFactoryInitiator&amp#27;[0;39m                  : HHH000026: Second-level cache disabled
&amp#27;[37m2024-12-13 02:28:56,061&amp#27;[0;39m &amp#27;[34mINFO &amp#27;[0;39m [&amp#27;[34mmain&amp#27;[0;39m] &amp#27;[33mo.s.o.j.p.SpringPersistenceUnitInfo&amp#27;[0;39m             : No LoadTimeWeaver setup: ignoring JPA class transformer
&amp#27;[37m2024-12-13 02:28:56,132&amp#27;[0;39m &amp#27;[34mINFO &amp#27;[0;39m [&amp#27;[34mmain&amp#27;[0;39m] &amp#27;[33mc.z.h.HikariDataSource&amp#27;[0;39m                          : HikariPool-1 - Starting...
&amp#27;[37m2024-12-13 02:28:57,249&amp#27;[0;39m &amp#27;[34mINFO &amp#27;[0;39m [&amp#27;[34mmain&amp#27;[0;39m] &amp#27;[33mc.z.h.p.HikariPool&amp#27;[0;39m                              : HikariPool-1 - Added connection org.mariadb.jdbc.Connection@1f2497d9
&amp#27;[37m2024-12-13 02:28:57,253&amp#27;[0;39m &amp#27;[34mINFO &amp#27;[0;39m [&amp#27;[34mmain&amp#27;[0;39m] &amp#27;[33mc.z.h.HikariDataSource&amp#27;[0;39m                          : HikariPool-1 - Start completed.
&amp#27;[37m2024-12-13 02:28:57,425&amp#27;[0;39m &amp#27;[31mWARN &amp#27;[0;39m [&amp#27;[34mmain&amp#27;[0;39m] &amp#27;[33mo.h.e.j.d.i.DialectFactoryImpl&amp#27;[0;39m                  : HHH90000025: MariaDBDialect does not need to be specified explicitly using 'hibernate.dialect' (remove the property setting and it will be selected by default)
&amp#27;[37m2024-12-13 02:28:58,918&amp#27;[0;39m &amp#27;[34mINFO &amp#27;[0;39m [&amp#27;[34mmain&amp#27;[0;39m] &amp#27;[33mo.h.e.t.j.p.i.JtaPlatformInitiator&amp#27;[0;39m              : HHH000489: No JTA platform available (set 'hibernate.transaction.jta.platform' to enable JTA platform integration)
&amp#27;[37m2024-12-13 02:28:59,970&amp#27;[0;39m &amp#27;[39mDEBUG&amp#27;[0;39m [&amp#27;[34mmain&amp#27;[0;39m] &amp#27;[33mo.h.e.j.s.SqlStatementLogger&amp#27;[0;39m                    : create table `game` (`id` bigint not null auto_increment, `name_player1` varchar(255) not null, `name_player2` varchar(255) not null, `name_player3` varchar(255) not null, `name_player4` varchar(255) not null, `set1_points_t1` integer not null, `set1_points_t2` integer not null, `set2_points_t1` integer not null, `set2_points_t2` integer not null, `set3_points_t1` integer not null, `set3_points_t2` integer not null, `winner_team` integer not null, `user_id` bigint not null, primary key (`id`)) engine=InnoDB
&amp#27;[37m2024-12-13 02:29:00,063&amp#27;[0;39m &amp#27;[39mDEBUG&amp#27;[0;39m [&amp#27;[34mmain&amp#27;[0;39m] &amp#27;[33mo.h.e.j.s.SqlStatementLogger&amp#27;[0;39m                    : create table `player` (`id` bigint not null auto_increment, `gender` varchar(255) not null, `image_url` varchar(255) not null, `name` varchar(255) not null, `points` varchar(255) not null, `ranking_position` integer not null, primary key (`id`)) engine=InnoDB
&amp#27;[37m2024-12-13 02:29:00,168&amp#27;[0;39m &amp#27;[39mDEBUG&amp#27;[0;39m [&amp#27;[34mmain&amp#27;[0;39m] &amp#27;[33mo.h.e.j.s.SqlStatementLogger&amp#27;[0;39m                    : create table `rol` (`id` bigint not null auto_increment, `name` varchar(255), primary key (`id`)) engine=InnoDB
&amp#27;[37m2024-12-13 02:29:00,260&amp#27;[0;39m &amp#27;[39mDEBUG&amp#27;[0;39m [&amp#27;[34mmain&amp#27;[0;39m] &amp#27;[33mo.h.e.j.s.SqlStatementLogger&amp#27;[0;39m                    : create table `tournament` (`id` bigint not null auto_increment, `city` varchar(255) not null, `image_url` varchar(255) not null, `name` varchar(255) not null, primary key (`id`)) engine=InnoDB
&amp#27;[37m2024-12-13 02:29:00,375&amp#27;[0;39m &amp#27;[39mDEBUG&amp#27;[0;39m [&amp#27;[34mmain&amp#27;[0;39m] &amp#27;[33mo.h.e.j.s.SqlStatementLogger&amp#27;[0;39m                    : create table `user_role` (`user_id` bigint not null, `role_id` bigint not null) engine=InnoDB
&amp#27;[37m2024-12-13 02:29:00,471&amp#27;[0;39m &amp#27;[39mDEBUG&amp#27;[0;39m [&amp#27;[34mmain&amp#27;[0;39m] &amp#27;[33mo.h.e.j.s.SqlStatementLogger&amp#27;[0;39m                    : create table `users` (`id` bigint not null auto_increment, `email` varchar(255), `image_url` varchar(255), `is_connected` integer not null, `lastname` varchar(255), `name` varchar(255), `password` varchar(255) not null, `username` varchar(255) not null, primary key (`id`)) engine=InnoDB
&amp#27;[37m2024-12-13 02:29:00,601&amp#27;[0;39m &amp#27;[39mDEBUG&amp#27;[0;39m [&amp#27;[34mmain&amp#27;[0;39m] &amp#27;[33mo.h.e.j.s.SqlStatementLogger&amp#27;[0;39m                    : alter table if exists `users` drop index if exists UK_r43af9ap4edm43mmtq01oddj6
&amp#27;[37m2024-12-13 02:29:00,781&amp#27;[0;39m &amp#27;[39mDEBUG&amp#27;[0;39m [&amp#27;[34mmain&amp#27;[0;39m] &amp#27;[33mo.h.e.j.s.SqlStatementLogger&amp#27;[0;39m                    : alter table if exists `users` add constraint UK_r43af9ap4edm43mmtq01oddj6 unique (`username`)
&amp#27;[37m2024-12-13 02:29:00,878&amp#27;[0;39m &amp#27;[39mDEBUG&amp#27;[0;39m [&amp#27;[34mmain&amp#27;[0;39m] &amp#27;[33mo.h.e.j.s.SqlStatementLogger&amp#27;[0;39m                    : alter table if exists `game` add constraint `FKha1h3eusp0xah158fts3hw6hy` foreign key (`user_id`) references `users` (`id`)
&amp#27;[37m2024-12-13 02:29:00,990&amp#27;[0;39m &amp#27;[39mDEBUG&amp#27;[0;39m [&amp#27;[34mmain&amp#27;[0;39m] &amp#27;[33mo.h.e.j.s.SqlStatementLogger&amp#27;[0;39m                    : alter table if exists `user_role` add constraint `FKgbw7ugvky0pvoabsso7wrpif3` foreign key (`role_id`) references `rol` (`id`)
&amp#27;[37m2024-12-13 02:29:01,105&amp#27;[0;39m &amp#27;[39mDEBUG&amp#27;[0;39m [&amp#27;[34mmain&amp#27;[0;39m] &amp#27;[33mo.h.e.j.s.SqlStatementLogger&amp#27;[0;39m                    : alter table if exists `user_role` add constraint `FKpwfddxbsye75keansxohc42l` foreign key (`user_id`) references `users` (`id`)
&amp#27;[37m2024-12-13 02:29:01,231&amp#27;[0;39m &amp#27;[34mINFO &amp#27;[0;39m [&amp#27;[34mmain&amp#27;[0;39m] &amp#27;[33mo.s.o.j.AbstractEntityManagerFactoryBean&amp#27;[0;39m        : Initialized JPA EntityManagerFactory for persistence unit 'default'
&amp#27;[37m2024-12-13 02:29:01,266&amp#27;[0;39m &amp#27;[39mDEBUG&amp#27;[0;39m [&amp#27;[34mmain&amp#27;[0;39m] &amp#27;[33mo.s.b.f.s.DefaultSingletonBeanRegistry&amp#27;[0;39m          : Creating shared instance of singleton bean 'padinfoBackendApplication'
&amp#27;[37m2024-12-13 02:29:01,269&amp#27;[0;39m &amp#27;[39mDEBUG&amp#27;[0;39m [&amp#27;[34mmain&amp#27;[0;39m] &amp#27;[33mo.s.b.f.s.DefaultSingletonBeanRegistry&amp#27;[0;39m          : Creating shared instance of singleton bean 'authenticationController'
&amp#27;[37m2024-12-13 02:29:01,293&amp#27;[0;39m &amp#27;[39mDEBUG&amp#27;[0;39m [&amp#27;[34mmain&amp#27;[0;39m] &amp#27;[33mo.s.b.f.s.DefaultSingletonBeanRegistry&amp#27;[0;39m          : Creating shared instance of singleton bean 'jwtTokenProvider'
&amp#27;[37m2024-12-13 02:29:01,300&amp#27;[0;39m &amp#27;[39mDEBUG&amp#27;[0;39m [&amp#27;[34mmain&amp#27;[0;39m] &amp#27;[33mo.s.c.e.PropertySourcesPropertyResolver&amp#27;[0;39m         : Found key 'security.jwt.secret-key' in PropertySource 'environmentProperties' with value of type String
&amp#27;[37m2024-12-13 02:29:01,301&amp#27;[0;39m &amp#27;[39mDEBUG&amp#27;[0;39m [&amp#27;[34mmain&amp#27;[0;39m] &amp#27;[33mo.s.c.e.PropertySourcesPropertyResolver&amp#27;[0;39m         : Found key 'security.jwt.expiration-time' in PropertySource 'environmentProperties' with value of type String
&amp#27;[37m2024-12-13 02:29:01,305&amp#27;[0;39m &amp#27;[39mDEBUG&amp#27;[0;39m [&amp#27;[34mmain&amp#27;[0;39m] &amp#27;[33mo.s.b.f.s.DefaultSingletonBeanRegistry&amp#27;[0;39m          : Creating shared instance of singleton bean 'userInfoService'
&amp#27;[37m2024-12-13 02:29:01,309&amp#27;[0;39m &amp#27;[39mDEBUG&amp#27;[0;39m [&amp#27;[34mmain&amp#27;[0;39m] &amp#27;[33mo.s.b.f.s.DefaultSingletonBeanRegistry&amp#27;[0;39m          : Creating shared instance of singleton bean 'IUserInfoRepository'
&amp#27;[37m2024-12-13 02:29:01,326&amp#27;[0;39m &amp#27;[39mDEBUG&amp#27;[0;39m [&amp#27;[34mmain&amp#27;[0;39m] &amp#27;[33mo.s.b.f.s.DefaultSingletonBeanRegistry&amp#27;[0;39m          : Creating shared instance of singleton bean 'jpa.named-queries#2'
&amp#27;[37m2024-12-13 02:29:01,333&amp#27;[0;39m &amp#27;[39mDEBUG&amp#27;[0;39m [&amp#27;[34mmain&amp#27;[0;39m] &amp#27;[33mo.s.b.f.s.DefaultSingletonBeanRegistry&amp#27;[0;39m          : Creating shared instance of singleton bean 'jpa.IUserInfoRepository.fragments#0'
&amp#27;[37m2024-12-13 02:29:01,346&amp#27;[0;39m &amp#27;[39mDEBUG&amp#27;[0;39m [&amp#27;[34mmain&amp#27;[0;39m] &amp#27;[33mo.s.b.f.s.DefaultSingletonBeanRegistry&amp#27;[0;39m          : Creating shared instance of singleton bean 'jpaSharedEM_entityManagerFactory'
&amp#27;[37m2024-12-13 02:29:01,410&amp#27;[0;39m &amp#27;[39mDEBUG&amp#27;[0;39m [&amp#27;[34mmain&amp#27;[0;39m] &amp#27;[33mo.s.b.f.s.DefaultSingletonBeanRegistry&amp#27;[0;39m          : Creating shared instance of singleton bean 'jpaMappingContext'
&amp#27;[37m2024-12-13 02:29:01,411&amp#27;[0;39m &amp#27;[39mDEBUG&amp#27;[0;39m [&amp#27;[34mmain&amp#27;[0;39m] [33mo.s.d.j.r.c.JpaMetamodelMappingContextFactoryBean&amp#27;[0;39m: Initializing JpaMetamodelMappingContext…
&amp#27;[37m2024-12-13 02:29:01,457&amp#27;[0;39m &amp#27;[39mDEBUG&amp#27;[0;39m [&amp#27;[34mmain&amp#27;[0;39m] [33mo.s.d.j.r.c.JpaMetamodelMappingContextFactoryBean&amp#27;[0;39m: Finished initializing JpaMetamodelMappingContext
&amp#27;[37m2024-12-13 02:29:01,554&amp#27;[0;39m &amp#27;[39mDEBUG&amp#27;[0;39m [&amp#27;[34mmain&amp#27;[0;39m] tyManagerCreator$SharedEntityManagerInvocationHandler&amp#27;[0;39m: Creating new EntityManager for shared EntityManager invocation
&amp#27;[37m2024-12-13 02:29:01,626&amp#27;[0;39m &amp#27;[39mDEBUG&amp#27;[0;39m [&amp#27;[34mmain&amp#27;[0;39m] tyManagerCreator$SharedEntityManagerInvocationHandler&amp#27;[0;39m: Creating new EntityManager for shared EntityManager invocation
&amp#27;[37m2024-12-13 02:29:01,798&amp#27;[0;39m &amp#27;[39mDEBUG&amp#27;[0;39m [&amp#27;[34mmain&amp#27;[0;39m] &amp#27;[33mo.s.d.r.c.s.RepositoryFactorySupport&amp#27;[0;39m            : Initializing repository instance for com.backend.padinfo_backend.model.repository.IUserInfoRepository…
&amp#27;[37m2024-12-13 02:29:01,854&amp#27;[0;39m &amp#27;[39mDEBUG&amp#27;[0;39m [&amp#27;[34mmain&amp#27;[0;39m] tyManagerCreator$SharedEntityManagerInvocationHandler&amp#27;[0;39m: Creating new EntityManager for shared EntityManager invocation
&amp#27;[37m2024-12-13 02:29:02,026&amp#27;[0;39m &amp#27;[39mDEBUG&amp#27;[0;39m [&amp#27;[34mmain&amp#27;[0;39m] &amp#27;[33mo.s.d.j.r.q.NamedQuery&amp#27;[0;39m                          : Looking up named query UserInfo.findByUsername
&amp#27;[37m2024-12-13 02:29:02,035&amp#27;[0;39m &amp#27;[39mDEBUG&amp#27;[0;39m [&amp#27;[34mmain&amp#27;[0;39m] &amp#27;[33mo.s.d.j.r.q.NamedQuery&amp#27;[0;39m                          : Did not find named query UserInfo.findByUsername
&amp#27;[37m2024-12-13 02:29:02,049&amp#27;[0;39m &amp#27;[39mDEBUG&amp#27;[0;39m [&amp#27;[34mmain&amp#27;[0;39m] tyManagerCreator$SharedEntityManagerInvocationHandler&amp#27;[0;39m: Creating new EntityManager for shared EntityManager invocation
&amp#27;[37m2024-12-13 02:29:02,197&amp#27;[0;39m &amp#27;[39mDEBUG&amp#27;[0;39m [&amp#27;[34mmain&amp#27;[0;39m] &amp#27;[33mo.s.d.j.r.q.NamedQuery&amp#27;[0;39m                          : Looking up named query UserInfo.existsByUsername
&amp#27;[37m2024-12-13 02:29:02,265&amp#27;[0;39m &amp#27;[39mDEBUG&amp#27;[0;39m [&amp#27;[34mmain&amp#27;[0;39m] tyManagerCreator$SharedEntityManagerInvocationHandler&amp#27;[0;39m: Creating new EntityManager for shared EntityManager invocation
&amp#27;[37m2024-12-13 02:29:02,268&amp#27;[0;39m &amp#27;[39mDEBUG&amp#27;[0;39m [&amp#27;[34mmain&amp#27;[0;39m] &amp#27;[33mo.s.d.j.r.q.NamedQuery&amp#27;[0;39m                          : Did not find named query UserInfo.existsByUsername.count
&amp#27;[37m2024-12-13 02:29:02,268&amp#27;[0;39m &amp#27;[39mDEBUG&amp#27;[0;39m [&amp#27;[34mmain&amp#27;[0;39m] tyManagerCreator$SharedEntityManagerInvocationHandler&amp#27;[0;39m: Creating new EntityManager for shared EntityManager invocation
&amp#27;[37m2024-12-13 02:29:02,375&amp#27;[0;39m &amp#27;[34mINFO &amp#27;[0;39m [&amp#27;[34mmain&amp#27;[0;39m] &amp#27;[33mo.s.d.j.r.q.QueryEnhancerFactory&amp#27;[0;39m                : Hibernate is in classpath; If applicable, HQL parser will be used.
&amp#27;[37m2024-12-13 02:29:02,706&amp#27;[0;39m &amp#27;[39mDEBUG&amp#27;[0;39m [&amp#27;[34mmain&amp#27;[0;39m] &amp#27;[33mo.s.d.j.r.q.NamedQuery&amp#27;[0;39m                          : Found named query UserInfo.existsByUsername
&amp#27;[37m2024-12-13 02:29:02,708&amp#27;[0;39m &amp#27;[39mDEBUG&amp#27;[0;39m [&amp#27;[34mmain&amp#27;[0;39m] &amp#27;[33mo.s.d.j.r.q.NamedQuery&amp#27;[0;39m                          : Looking up named query UserInfo.getRolesByUserId
&amp#27;[37m2024-12-13 02:29:02,708&amp#27;[0;39m &amp#27;[39mDEBUG&amp#27;[0;39m [&amp#27;[34mmain&amp#27;[0;39m] tyManagerCreator$SharedEntityManagerInvocationHandler&amp#27;[0;39m: Creating new EntityManager for shared EntityManager invocation
&amp#27;[37m2024-12-13 02:29:02,710&amp#27;[0;39m &amp#27;[39mDEBUG&amp#27;[0;39m [&amp#27;[34mmain&amp#27;[0;39m] &amp#27;[33mo.s.d.j.r.q.NamedQuery&amp#27;[0;39m                          : Did not find named query UserInfo.getRolesByUserId.count
&amp#27;[37m2024-12-13 02:29:02,710&amp#27;[0;39m &amp#27;[39mDEBUG&amp#27;[0;39m [&amp#27;[34mmain&amp#27;[0;39m] tyManagerCreator$SharedEntityManagerInvocationHandler&amp#27;[0;39m: Creating new EntityManager for shared EntityManager invocation
&amp#27;[37m2024-12-13 02:29:02,719&amp#27;[0;39m &amp#27;[39mDEBUG&amp#27;[0;39m [&amp#27;[34mmain&amp#27;[0;39m] &amp#27;[33mo.s.d.j.r.q.NamedQuery&amp#27;[0;39m                          : Found named query UserInfo.getRolesByUserId
&amp#27;[37m2024-12-13 02:29:02,722&amp#27;[0;39m &amp#27;[39mDEBUG&amp#27;[0;39m [&amp#27;[34mmain&amp#27;[0;39m] &amp#27;[33mo.s.d.j.r.q.NamedQuery&amp#27;[0;39m                          : Looking up named query UserInfo.selectUserInfoByUsername
&amp#27;[37m2024-12-13 02:29:02,723&amp#27;[0;39m &amp#27;[39mDEBUG&amp#27;[0;39m [&amp#27;[34mmain&amp#27;[0;39m] tyManagerCreator$SharedEntityManagerInvocationHandler&amp#27;[0;39m: Creating new EntityManager for shared EntityManager invocation
&amp#27;[37m2024-12-13 02:29:02,725&amp#27;[0;39m &amp#27;[39mDEBUG&amp#27;[0;39m [&amp#27;[34mmain&amp#27;[0;39m] &amp#27;[33mo.s.d.j.r.q.NamedQuery&amp#27;[0;39m                          : Did not find named query UserInfo.selectUserInfoByUsername.count
&amp#27;[37m2024-12-13 02:29:02,726&amp#27;[0;39m &amp#27;[39mDEBUG&amp#27;[0;39m [&amp#27;[34mmain&amp#27;[0;39m] tyManagerCreator$SharedEntityManagerInvocationHandler&amp#27;[0;39m: Creating new EntityManager for shared EntityManager invocation
&amp#27;[37m2024-12-13 02:29:02,728&amp#27;[0;39m &amp#27;[39mDEBUG&amp#27;[0;39m [&amp#27;[34mmain&amp#27;[0;39m] &amp#27;[33mo.s.d.j.r.q.NamedQuery&amp#27;[0;39m                          : Found named query UserInfo.selectUserInfoByUsername
&amp#27;[37m2024-12-13 02:29:02,730&amp#27;[0;39m &amp#27;[39mDEBUG&amp#27;[0;39m [&amp#27;[34mmain&amp#27;[0;39m] &amp#27;[33mo.s.d.j.r.q.NamedQuery&amp#27;[0;39m                          : Looking up named query UserInfo.selectUserIsConnectedByUserId
&amp#27;[37m2024-12-13 02:29:02,731&amp#27;[0;39m &amp#27;[39mDEBUG&amp#27;[0;39m [&amp#27;[34mmain&amp#27;[0;39m] tyManagerCreator$SharedEntityManagerInvocationHandler&amp#27;[0;39m: Creating new EntityManager for shared EntityManager invocation
&amp#27;[37m2024-12-13 02:29:02,734&amp#27;[0;39m &amp#27;[39mDEBUG&amp#27;[0;39m [&amp#27;[34mmain&amp#27;[0;39m] &amp#27;[33mo.s.d.j.r.q.NamedQuery&amp#27;[0;39m                          : Did not find named query UserInfo.selectUserIsConnectedByUserId.count
&amp#27;[37m2024-12-13 02:29:02,735&amp#27;[0;39m &amp#27;[39mDEBUG&amp#27;[0;39m [&amp#27;[34mmain&amp#27;[0;39m] tyManagerCreator$SharedEntityManagerInvocationHandler&amp#27;[0;39m: Creating new EntityManager for shared EntityManager invocation
&amp#27;[37m2024-12-13 02:29:02,738&amp#27;[0;39m &amp#27;[39mDEBUG&amp#27;[0;39m [&amp#27;[34mmain&amp#27;[0;39m] &amp#27;[33mo.s.d.j.r.q.NamedQuery&amp#27;[0;39m                          : Found named query UserInfo.selectUserIsConnectedByUserId
&amp#27;[37m2024-12-13 02:29:02,741&amp#27;[0;39m &amp#27;[39mDEBUG&amp#27;[0;39m [&amp#27;[34mmain&amp#27;[0;39m] &amp#27;[33mo.s.d.r.c.s.RepositoryFactorySupport&amp#27;[0;39m            : Finished creation of repository instance for com.backend.padinfo_backend.model.repository.IUserInfoRepository.
&amp#27;[37m2024-12-13 02:29:02,754&amp#27;[0;39m &amp#27;[39mDEBUG&amp#27;[0;39m [&amp#27;[34mmain&amp#27;[0;39m] &amp#27;[33mo.s.b.f.s.DefaultSingletonBeanRegistry&amp#27;[0;39m          : Creating shared instance of singleton bean 'IRoleRepository'
&amp#27;[37m2024-12-13 02:29:02,757&amp#27;[0;39m &amp#27;[39mDEBUG&amp#27;[0;39m [&amp#27;[34mmain&amp#27;[0;39m] &amp#27;[33mo.s.b.f.s.DefaultSingletonBeanRegistry&amp#27;[0;39m          : Creating shared instance of singleton bean 'jpa.named-queries#1'
&amp#27;[37m2024-12-13 02:29:02,760&amp#27;[0;39m &amp#27;[39mDEBUG&amp#27;[0;39m [&amp#27;[34mmain&amp#27;[0;39m] &amp#27;[33mo.s.b.f.s.DefaultSingletonBeanRegistry&amp#27;[0;39m          : Creating shared instance of singleton bean 'jpa.IRoleRepository.fragments#0'
&amp#27;[37m2024-12-13 02:29:02,764&amp#27;[0;39m &amp#27;[39mDEBUG&amp#27;[0;39m [&amp#27;[34mmain&amp#27;[0;39m] tyManagerCreator$SharedEntityManagerInvocationHandler&amp#27;[0;39m: Creating new EntityManager for shared EntityManager invocation
&amp#27;[37m2024-12-13 02:29:02,765&amp#27;[0;39m &amp#27;[39mDEBUG&amp#27;[0;39m [&amp#27;[34mmain&amp#27;[0;39m] &amp#27;[33mo.s.d.r.c.s.RepositoryFactorySupport&amp#27;[0;39m            : Initializing repository instance for com.backend.padinfo_backend.model.repository.IRoleRepository…
&amp#27;[37m2024-12-13 02:29:02,767&amp#27;[0;39m &amp#27;[39mDEBUG&amp#27;[0;39m [&amp#27;[34mmain&amp#27;[0;39m] tyManagerCreator$SharedEntityManagerInvocationHandler&amp#27;[0;39m: Creating new EntityManager for shared EntityManager invocation
&amp#27;[37m2024-12-13 02:29:02,769&amp#27;[0;39m &amp#27;[39mDEBUG&amp#27;[0;39m [&amp#27;[34mmain&amp#27;[0;39m] &amp#27;[33mo.s.d.j.r.q.NamedQuery&amp#27;[0;39m                          : Looking up named query Role.findByName
&amp#27;[37m2024-12-13 02:29:02,770&amp#27;[0;39m &amp#27;[39mDEBUG&amp#27;[0;39m [&amp#27;[34mmain&amp#27;[0;39m] &amp#27;[33mo.s.d.j.r.q.NamedQuery&amp#27;[0;39m                          : Did not find named query Role.findByName
&amp#27;[37m2024-12-13 02:29:02,771&amp#27;[0;39m &amp#27;[39mDEBUG&amp#27;[0;39m [&amp#27;[34mmain&amp#27;[0;39m] tyManagerCreator$SharedEntityManagerInvocationHandler&amp#27;[0;39m: Creating new EntityManager for shared EntityManager invocation
&amp#27;[37m2024-12-13 02:29:02,778&amp#27;[0;39m &amp#27;[39mDEBUG&amp#27;[0;39m [&amp#27;[34mmain&amp#27;[0;39m] &amp#27;[33mo.s.d.r.c.s.RepositoryFactorySupport&amp#27;[0;39m            : Finished creation of repository instance for com.backend.padinfo_backend.model.repository.IRoleRepository.
&amp#27;[37m2024-12-13 02:29:02,787&amp#27;[0;39m &amp#27;[39mDEBUG&amp#27;[0;39m [&amp#27;[34mmain&amp#27;[0;39m] &amp#27;[33mo.s.b.f.s.DefaultSingletonBeanRegistry&amp#27;[0;39m          : Creating shared instance of singleton bean 'authenticationService'
&amp#27;[37m2024-12-13 02:29:02,789&amp#27;[0;39m &amp#27;[39mDEBUG&amp#27;[0;39m [&amp#27;[34mmain&amp#27;[0;39m] &amp#27;[33mo.s.b.f.s.DefaultSingletonBeanRegistry&amp#27;[0;39m          : Creating shared instance of singleton bean 'passwordEncoder'
&amp#27;[37m2024-12-13 02:29:02,790&amp#27;[0;39m &amp#27;[39mDEBUG&amp#27;[0;39m [&amp#27;[34mmain&amp#27;[0;39m] &amp#27;[33mo.s.b.f.s.DefaultSingletonBeanRegistry&amp#27;[0;39m          : Creating shared instance of singleton bean 'securityConfig'
&amp#27;[37m2024-12-13 02:29:02,792&amp#27;[0;39m &amp#27;[39mDEBUG&amp#27;[0;39m [&amp#27;[34mmain&amp#27;[0;39m] &amp#27;[33mo.s.b.f.s.DefaultSingletonBeanRegistry&amp#27;[0;39m          : Creating shared instance of singleton bean 'authenticationProvider'
&amp#27;[37m2024-12-13 02:29:02,877&amp#27;[0;39m &amp#27;[39mDEBUG&amp#27;[0;39m [&amp#27;[34mmain&amp#27;[0;39m] &amp#27;[33mo.s.b.f.s.DefaultSingletonBeanRegistry&amp#27;[0;39m          : Creating shared instance of singleton bean 'userDetailsService'
&amp#27;[37m2024-12-13 02:29:02,880&amp#27;[0;39m &amp#27;[39mDEBUG&amp#27;[0;39m [&amp#27;[34mmain&amp#27;[0;39m] &amp#27;[33mo.s.b.f.s.DefaultSingletonBeanRegistry&amp#27;[0;39m          : Creating shared instance of singleton bean 'passwordEncoder'
&amp#27;[37m2024-12-13 02:29:02,888&amp#27;[0;39m &amp#27;[39mDEBUG&amp#27;[0;39m [&amp#27;[34mmain&amp#27;[0;39m] &amp#27;[33mo.s.b.f.s.DefaultSingletonBeanRegistry&amp#27;[0;39m          : Creating shared instance of singleton bean 'jwtAuthenticationFilter'
&amp#27;[37m2024-12-13 02:29:02,892&amp#27;[0;39m &amp#27;[39mDEBUG&amp#27;[0;39m [&amp#27;[34mmain&amp#27;[0;39m] &amp#27;[33mo.s.b.f.s.DefaultSingletonBeanRegistry&amp#27;[0;39m          : Creating shared instance of singleton bean 'handlerExceptionResolver'
&amp#27;[37m2024-12-13 02:29:02,893&amp#27;[0;39m &amp#27;[39mDEBUG&amp#27;[0;39m [&amp#27;[34mmain&amp#27;[0;39m] &amp#27;[33mo.s.b.f.s.DefaultSingletonBeanRegistry&amp#27;[0;39m          : Creating shared instance of singleton bean 'org.springframework.boot.autoconfigure.web.servlet.WebMvcAutoConfiguration$EnableWebMvcConfiguration'
&amp#27;[37m2024-12-13 02:29:02,894&amp#27;[0;39m &amp#27;[39mDEBUG&amp#27;[0;39m [&amp#27;[34mmain&amp#27;[0;39m] &amp#27;[33mo.s.b.f.s.DefaultSingletonBeanRegistry&amp#27;[0;39m          : Creating shared instance of singleton bean 'spring.mvc-org.springframework.boot.autoconfigure.web.servlet.WebMvcProperties'
&amp#27;[37m2024-12-13 02:29:02,904&amp#27;[0;39m &amp#27;[39mDEBUG&amp#27;[0;39m [&amp#27;[34mmain&amp#27;[0;39m] &amp#27;[33mo.s.b.f.s.DefaultSingletonBeanRegistry&amp#27;[0;39m          : Creating shared instance of singleton bean 'spring.web-org.springframework.boot.autoconfigure.web.WebProperties'
&amp#27;[37m2024-12-13 02:29:02,924&amp#27;[0;39m &amp#27;[39mDEBUG&amp#27;[0;39m [&amp#27;[34mmain&amp#27;[0;39m] &amp#27;[33mo.s.b.f.s.ConstructorResolver&amp#27;[0;39m                   : Autowiring by type from bean name 'org.springframework.boot.autoconfigure.web.servlet.WebMvcAutoConfiguration$EnableWebMvcConfiguration' via constructor to bean named 'spring.mvc-org.springframework.boot.autoconfigure.web.servlet.WebMvcProperties'
&amp#27;[37m2024-12-13 02:29:02,925&amp#27;[0;39m &amp#27;[39mDEBUG&amp#27;[0;39m [&amp#27;[34mmain&amp#27;[0;39m] &amp#27;[33mo.s.b.f.s.ConstructorResolver&amp#27;[0;39m                   : Autowiring by type from bean name 'org.springframework.boot.autoconfigure.web.servlet.WebMvcAutoConfiguration$EnableWebMvcConfiguration' via constructor to bean named 'spring.web-org.springframework.boot.autoconfigure.web.WebProperties'
&amp#27;[37m2024-12-13 02:29:02,926&amp#27;[0;39m &amp#27;[39mDEBUG&amp#27;[0;39m [&amp#27;[34mmain&amp#27;[0;39m] &amp#27;[33mo.s.b.f.s.ConstructorResolver&amp#27;[0;39m                   : Autowiring by type from bean name 'org.springframework.boot.autoconfigure.web.servlet.WebMvcAutoConfiguration$EnableWebMvcConfiguration' via constructor to bean named 'org.springframework.beans.factory.support.DefaultListableBeanFactory@73c31181'
&amp#27;[37m2024-12-13 02:29:02,933&amp#27;[0;39m &amp#27;[39mDEBUG&amp#27;[0;39m [&amp#27;[34mmain&amp#27;[0;39m] &amp#27;[33mo.s.b.f.s.DefaultSingletonBeanRegistry&amp#27;[0;39m          : Creating shared instance of singleton bean 'org.springframework.security.config.annotation.web.configuration.WebMvcSecurityConfiguration'
&amp#27;[37m2024-12-13 02:29:02,940&amp#27;[0;39m &amp#27;[39mDEBUG&amp#27;[0;39m [&amp#27;[34mmain&amp#27;[0;39m] &amp#27;[33mo.s.b.f.s.DefaultSingletonBeanRegistry&amp#27;[0;39m          : Creating shared instance of singleton bean 'org.springframework.boot.autoconfigure.web.servlet.WebMvcAutoConfiguration$WebMvcAutoConfigurationAdapter'
&amp#27;[37m2024-12-13 02:29:02,942&amp#27;[0;39m &amp#27;[39mDEBUG&amp#27;[0;39m [&amp#27;[34mmain&amp#27;[0;39m] &amp#27;[33mo.s.b.f.s.ConstructorResolver&amp#27;[0;39m                   : Autowiring by type from bean name 'org.springframework.boot.autoconfigure.web.servlet.WebMvcAutoConfiguration$WebMvcAutoConfigurationAdapter' via constructor to bean named 'spring.web-org.springframework.boot.autoconfigure.web.WebProperties'
&amp#27;[37m2024-12-13 02:29:02,943&amp#27;[0;39m &amp#27;[39mDEBUG&amp#27;[0;39m [&amp#27;[34mmain&amp#27;[0;39m] &amp#27;[33mo.s.b.f.s.ConstructorResolver&amp#27;[0;39m                   : Autowiring by type from bean name 'org.springframework.boot.autoconfigure.web.servlet.WebMvcAutoConfiguration$WebMvcAutoConfigurationAdapter' via constructor to bean named 'spring.mvc-org.springframework.boot.autoconfigure.web.servlet.WebMvcProperties'
&amp#27;[37m2024-12-13 02:29:02,943&amp#27;[0;39m &amp#27;[39mDEBUG&amp#27;[0;39m [&amp#27;[34mmain&amp#27;[0;39m] &amp#27;[33mo.s.b.f.s.ConstructorResolver&amp#27;[0;39m                   : Autowiring by type from bean name 'org.springframework.boot.autoconfigure.web.servlet.WebMvcAutoConfiguration$WebMvcAutoConfigurationAdapter' via constructor to bean named 'org.springframework.beans.factory.support.DefaultListableBeanFactory@73c31181'
&amp#27;[37m2024-12-13 02:29:02,948&amp#27;[0;39m &amp#27;[39mDEBUG&amp#27;[0;39m [&amp#27;[34mmain&amp#27;[0;39m] &amp#27;[33mo.s.b.f.s.DefaultSingletonBeanRegistry&amp#27;[0;39m          : Creating shared instance of singleton bean 'swaggerWebMvcConfigurer'
&amp#27;[37m2024-12-13 02:29:02,949&amp#27;[0;39m &amp#27;[39mDEBUG&amp#27;[0;39m [&amp#27;[34mmain&amp#27;[0;39m] &amp#27;[33mo.s.b.f.s.DefaultSingletonBeanRegistry&amp#27;[0;39m          : Creating shared instance of singleton bean 'org.springdoc.webmvc.ui.SwaggerConfig'
&amp#27;[37m2024-12-13 02:29:02,954&amp#27;[0;39m &amp#27;[39mDEBUG&amp#27;[0;39m [&amp#27;[34mmain&amp#27;[0;39m] &amp#27;[33mo.s.b.f.s.DefaultSingletonBeanRegistry&amp#27;[0;39m          : Creating shared instance of singleton bean 'org.springdoc.core.properties.SwaggerUiConfigParameters'
&amp#27;[37m2024-12-13 02:29:02,958&amp#27;[0;39m &amp#27;[39mDEBUG&amp#27;[0;39m [&amp#27;[34mmain&amp#27;[0;39m] &amp#27;[33mo.s.b.f.s.DefaultSingletonBeanRegistry&amp#27;[0;39m          : Creating shared instance of singleton bean 'org.springdoc.core.properties.SwaggerUiConfigProperties'
&amp#27;[37m2024-12-13 02:29:02,971&amp#27;[0;39m &amp#27;[39mDEBUG&amp#27;[0;39m [&amp#27;[34mmain&amp#27;[0;39m] &amp#27;[33mo.s.b.f.s.ConstructorResolver&amp#27;[0;39m                   : Autowiring by type from bean name 'org.springdoc.core.properties.SwaggerUiConfigParameters' via constructor to bean named 'org.springdoc.core.properties.SwaggerUiConfigProperties'
&amp#27;[37m2024-12-13 02:29:03,005&amp#27;[0;39m &amp#27;[39mDEBUG&amp#27;[0;39m [&amp#27;[34mmain&amp#27;[0;39m] &amp#27;[33mo.s.b.f.s.DefaultSingletonBeanRegistry&amp#27;[0;39m          : Creating shared instance of singleton bean 'indexPageTransformer'
&amp#27;[37m2024-12-13 02:29:03,007&amp#27;[0;39m &amp#27;[39mDEBUG&amp#27;[0;39m [&amp#27;[34mmain&amp#27;[0;39m] &amp#27;[33mo.s.b.f.s.DefaultSingletonBeanRegistry&amp#27;[0;39m          : Creating shared instance of singleton bean 'org.springdoc.core.properties.SwaggerUiOAuthProperties'
&amp#27;[37m2024-12-13 02:29:03,013&amp#27;[0;39m &amp#27;[39mDEBUG&amp#27;[0;39m [&amp#27;[34mmain&amp#27;[0;39m] &amp#27;[33mo.s.b.f.s.DefaultSingletonBeanRegistry&amp#27;[0;39m          : Creating shared instance of singleton bean 'swaggerWelcome'
&amp#27;[37m2024-12-13 02:29:03,015&amp#27;[0;39m &amp#27;[39mDEBUG&amp#27;[0;39m [&amp#27;[34mmain&amp#27;[0;39m] &amp#27;[33mo.s.b.f.s.DefaultSingletonBeanRegistry&amp#27;[0;39m          : Creating shared instance of singleton bean 'org.springdoc.core.properties.SpringDocConfigProperties'
&amp#27;[37m2024-12-13 02:29:03,034&amp#27;[0;39m &amp#27;[39mDEBUG&amp#27;[0;39m [&amp#27;[34mmain&amp#27;[0;39m] &amp#27;[33mo.s.b.f.s.DefaultSingletonBeanRegistry&amp#27;[0;39m          : Creating shared instance of singleton bean 'springWebProvider'
[...]
         - @ConditionalOnMissingClass found unwanted class 'org.springframework.boot.context.properties.bind.BindResult' (OnClassCondition)

   SpringDocConfiguration.SpringDocActuatorConfiguration:
      Did not match:
         - @ConditionalOnClass did not find required class 'org.springframework.boot.actuate.autoconfigure.endpoint.web.WebEndpointProperties' (OnClassCondition)

   SpringDocConfiguration.SpringDocWebFluxSupportConfiguration:
      Did not match:
         - @ConditionalOnClass did not find required class 'reactor.core.publisher.Flux' (OnClassCondition)

   SpringDocFunctionCatalogConfiguration:
      Did not match:
         - @ConditionalOnClass did not find required class 'org.springframework.cloud.function.web.function.FunctionEndpointInitializer' (OnClassCondition)

   SpringDocGroovyConfiguration:
      Did not match:
         - @ConditionalOnClass did not find required class 'groovy.lang.MetaClass' (OnClassCondition)

   SpringDocHateoasConfiguration#hateoasHalProvider:
      Did not match:
         - @ConditionalOnMissingBean (types: org.springdoc.core.providers.HateoasHalProvider; SearchStrategy: all) found beans of type 'org.springdoc.core.providers.HateoasHalProvider' halProvider (OnBeanCondition)

   SpringDocJacksonKotlinModuleConfiguration:
      Did not match:
         - @ConditionalOnClass did not find required class 'com.fasterxml.jackson.module.kotlin.KotlinModule' (OnClassCondition)

   SpringDocJavadocConfiguration:
      Did not match:
         - @ConditionalOnClass did not find required class 'com.github.therapi.runtimejavadoc.CommentFormatter' (OnClassCondition)

   SpringDocKotlinConfiguration:
      Did not match:
         - @ConditionalOnClass did not find required class 'kotlin.coroutines.Continuation' (OnClassCondition)

   SpringDocKotlinxConfiguration:
      Did not match:
         - @ConditionalOnClass did not find required class 'kotlinx.coroutines.flow.Flow' (OnClassCondition)

   SpringDocSecurityConfiguration.SpringDocSecurityOAuth2Configuration:
      Did not match:
         - @ConditionalOnClass did not find required class 'org.springframework.security.oauth2.server.authorization.OAuth2AuthorizationService' (OnClassCondition)

   SpringDocSecurityConfiguration.SpringSecurityLoginEndpointConfiguration#springSecurityLoginEndpointCustomiser:
      Did not match:
         - @ConditionalOnProperty (springdoc.show-login-endpoint) did not find property 'springdoc.show-login-endpoint' (OnPropertyCondition)

   SpringDocSortConfiguration#delegatingMethodParameterCustomizer:
      Did not match:
         - @ConditionalOnMissingBean (types: org.springdoc.core.customizers.DelegatingMethodParameterCustomizer; SearchStrategy: all) found beans of type 'org.springdoc.core.customizers.DelegatingMethodParameterCustomizer' delegatingMethodParameterCustomizer (OnBeanCondition)

   SpringDocWebMvcConfiguration.SpringDocWebMvcActuatorConfiguration:
      Did not match:
         - @ConditionalOnClass did not find required class 'org.springframework.boot.actuate.endpoint.web.servlet.WebMvcEndpointHandlerMapping' (OnClassCondition)

   SwaggerConfig#springWebProvider:
      Did not match:
         - @ConditionalOnMissingBean (types: org.springdoc.core.providers.SpringWebProvider; SearchStrategy: all) found beans of type 'org.springdoc.core.providers.SpringWebProvider' springWebProvider (OnBeanCondition)

   SwaggerConfig#swaggerUiConfigParameters:
      Did not match:
         - @ConditionalOnMissingBean (types: org.springdoc.core.properties.SwaggerUiConfigParameters; SearchStrategy: all) found beans of type 'org.springdoc.core.properties.SwaggerUiConfigParameters' org.springdoc.core.properties.SwaggerUiConfigParameters (OnBeanCondition)

   SwaggerConfig#swaggerUiHome:
      Did not match:
         - @ConditionalOnProperty (springdoc.swagger-ui.use-root-path=true) did not find property 'springdoc.swagger-ui.use-root-path' (OnPropertyCondition)

   SwaggerConfig.SwaggerActuatorWelcomeConfiguration:
      Did not match:
         - @ConditionalOnClass did not find required class 'org.springframework.boot.actuate.endpoint.web.servlet.WebMvcEndpointHandlerMapping' (OnClassCondition)

   TaskExecutorConfigurations.SimpleAsyncTaskExecutorBuilderConfiguration#simpleAsyncTaskExecutorBuilderVirtualThreads:
      Did not match:
         - @ConditionalOnMissingBean (types: org.springframework.boot.task.SimpleAsyncTaskExecutorBuilder; SearchStrategy: all) found beans of type 'org.springframework.boot.task.SimpleAsyncTaskExecutorBuilder' simpleAsyncTaskExecutorBuilder (OnBeanCondition)

   TaskExecutorConfigurations.TaskExecutorConfiguration#applicationTaskExecutorVirtualThreads:
      Did not match:
         - @ConditionalOnThreading did not find VIRTUAL (OnThreadingCondition)

   TaskSchedulingAutoConfiguration#scheduledBeanLazyInitializationExcludeFilter:
      Did not match:
         - @ConditionalOnBean (names: org.springframework.context.annotation.internalScheduledAnnotationProcessor; SearchStrategy: all) did not find any beans named org.springframework.context.annotation.internalScheduledAnnotationProcessor (OnBeanCondition)

   TaskSchedulingConfigurations.SimpleAsyncTaskSchedulerBuilderConfiguration#simpleAsyncTaskSchedulerBuilderVirtualThreads:
      Did not match:
         - @ConditionalOnMissingBean (types: org.springframework.boot.task.SimpleAsyncTaskSchedulerBuilder; SearchStrategy: all) found beans of type 'org.springframework.boot.task.SimpleAsyncTaskSchedulerBuilder' simpleAsyncTaskSchedulerBuilder (OnBeanCondition)

   TaskSchedulingConfigurations.TaskSchedulerConfiguration:
      Did not match:
         - @ConditionalOnBean (names: org.springframework.context.annotation.internalScheduledAnnotationProcessor; SearchStrategy: all) did not find any beans named org.springframework.context.annotation.internalScheduledAnnotationProcessor (OnBeanCondition)

   ThymeleafAutoConfiguration:
      Did not match:
         - @ConditionalOnClass did not find required class 'org.thymeleaf.spring6.SpringTemplateEngine' (OnClassCondition)

   TransactionAutoConfiguration#transactionalOperator:
      Did not match:
         - @ConditionalOnSingleCandidate (types: org.springframework.transaction.ReactiveTransactionManager; SearchStrategy: all) did not find any beans (OnBeanCondition)

   TransactionAutoConfiguration.AspectJTransactionManagementConfiguration:
      Did not match:
         - @ConditionalOnBean (types: org.springframework.transaction.aspectj.AbstractTransactionAspect; SearchStrategy: all) did not find any beans of type org.springframework.transaction.aspectj.AbstractTransactionAspect (OnBeanCondition)

   TransactionAutoConfiguration.EnableTransactionManagementConfiguration.JdkDynamicAutoProxyConfiguration:
      Did not match:
         - @ConditionalOnProperty (spring.aop.proxy-target-class=false) did not find property 'proxy-target-class' (OnPropertyCondition)

   UserDetailsServiceAutoConfiguration:
      Did not match:
         - @ConditionalOnMissingBean (types: org.springframework.security.authentication.AuthenticationManager,org.springframework.security.authentication.AuthenticationProvider,org.springframework.security.core.userdetails.UserDetailsService,org.springframework.security.authentication.AuthenticationManagerResolver,org.springframework.security.oauth2.jwt.JwtDecoder; SearchStrategy: all) found beans of type 'org.springframework.security.authentication.AuthenticationManager' authenticationManager and found beans of type 'org.springframework.security.core.userdetails.UserDetailsService' customUserDetailsService, userDetailsService and found beans of type 'org.springframework.security.authentication.AuthenticationProvider' authenticationProvider (OnBeanCondition)
      Matched:
         - @ConditionalOnClass found required class 'org.springframework.security.authentication.AuthenticationManager' (OnClassCondition)
         - AnyNestedCondition 1 matched 2 did not; NestedCondition on UserDetailsServiceAutoConfiguration.MissingAlternativeOrUserPropertiesConfigured.PasswordConfigured @ConditionalOnProperty (spring.security.user.password) did not find property 'password'; NestedCondition on UserDetailsServiceAutoConfiguration.MissingAlternativeOrUserPropertiesConfigured.NameConfigured @ConditionalOnProperty (spring.security.user.name) did not find property 'name'; NestedCondition on UserDetailsServiceAutoConfiguration.MissingAlternativeOrUserPropertiesConfigured.MissingAlternative @ConditionalOnMissingClass did not find unwanted classes 'org.springframework.security.oauth2.client.registration.ClientRegistrationRepository', 'org.springframework.security.oauth2.server.resource.introspection.OpaqueTokenIntrospector', 'org.springframework.security.saml2.provider.service.registration.RelyingPartyRegistrationRepository' (UserDetailsServiceAutoConfiguration.MissingAlternativeOrUserPropertiesConfigured)

   WebClientAutoConfiguration:
      Did not match:
         - @ConditionalOnClass did not find required class 'org.springframework.web.reactive.function.client.WebClient' (OnClassCondition)

   WebFluxAutoConfiguration:
      Did not match:
         - @ConditionalOnClass did not find required class 'org.springframework.web.reactive.config.WebFluxConfigurer' (OnClassCondition)

   WebMvcAutoConfiguration#hiddenHttpMethodFilter:
      Did not match:
         - @ConditionalOnProperty (spring.mvc.hiddenmethod.filter.enabled) did not find property 'enabled' (OnPropertyCondition)

   WebMvcAutoConfiguration.ProblemDetailsErrorHandlingConfiguration:
      Did not match:
         - @ConditionalOnProperty (spring.mvc.problemdetails.enabled=true) did not find property 'enabled' (OnPropertyCondition)

   WebMvcAutoConfiguration.ResourceChainCustomizerConfiguration:
      Did not match:
         - @ConditionalOnEnabledResourceChain did not find class org.webjars.WebJarAssetLocator (OnEnabledResourceChainCondition)

   WebMvcAutoConfiguration.WebMvcAutoConfigurationAdapter#beanNameViewResolver:
      Did not match:
         - @ConditionalOnMissingBean (types: org.springframework.web.servlet.view.BeanNameViewResolver; SearchStrategy: all) found beans of type 'org.springframework.web.servlet.view.BeanNameViewResolver' beanNameViewResolver (OnBeanCondition)

   WebServiceTemplateAutoConfiguration:
      Did not match:
         - @ConditionalOnClass did not find required class 'org.springframework.oxm.Marshaller' (OnClassCondition)

   WebServicesAutoConfiguration:
      Did not match:
         - @ConditionalOnClass did not find required class 'org.springframework.ws.transport.http.MessageDispatcherServlet' (OnClassCondition)

   WebSessionIdResolverAutoConfiguration:
      Did not match:
         - @ConditionalOnClass did not find required class 'reactor.core.publisher.Mono' (OnClassCondition)

   WebSocketMessagingAutoConfiguration:
      Did not match:
         - @ConditionalOnClass did not find required class 'org.springframework.web.socket.config.annotation.WebSocketMessageBrokerConfigurer' (OnClassCondition)

   WebSocketReactiveAutoConfiguration:
      Did not match:
         - @ConditionalOnWebApplication did not find reactive web application classes (OnWebApplicationCondition)

   WebSocketServletAutoConfiguration.JettyWebSocketConfiguration:
      Did not match:
         - @ConditionalOnClass did not find required class 'org.eclipse.jetty.ee10.websocket.jakarta.server.config.JakartaWebSocketServletContainerInitializer' (OnClassCondition)

   WebSocketServletAutoConfiguration.UndertowWebSocketConfiguration:
      Did not match:
         - @ConditionalOnClass did not find required class 'io.undertow.websockets.jsr.Bootstrap' (OnClassCondition)

   XADataSourceAutoConfiguration:
      Did not match:
         - @ConditionalOnBean (types: org.springframework.boot.jdbc.XADataSourceWrapper; SearchStrategy: all) did not find any beans of type org.springframework.boot.jdbc.XADataSourceWrapper (OnBeanCondition)
      Matched:
         - @ConditionalOnClass found required classes 'javax.sql.DataSource', 'jakarta.transaction.TransactionManager', 'org.springframework.jdbc.datasource.embedded.EmbeddedDatabaseType' (OnClassCondition)


Exclusions:
-----------

    None


Unconditional classes:
----------------------

    org.springframework.boot.autoconfigure.context.ConfigurationPropertiesAutoConfiguration

    org.springframework.boot.autoconfigure.ssl.SslAutoConfiguration

    org.springframework.boot.autoconfigure.context.PropertyPlaceholderAutoConfiguration

    org.springframework.boot.autoconfigure.context.LifecycleAutoConfiguration

    org.springframework.boot.autoconfigure.availability.ApplicationAvailabilityAutoConfiguration

    org.springframework.boot.autoconfigure.info.ProjectInfoAutoConfiguration



&amp#27;[37m2024-12-13 02:29:16,543&amp#27;[0;39m &amp#27;[34mINFO &amp#27;[0;39m [&amp#27;[34mmain&amp#27;[0;39m] &amp#27;[33mo.s.b.StartupInfoLogger&amp#27;[0;39m                         : Started PadinfoBackendApplicationTests in 27.611 seconds (process running for 31.831)
&amp#27;[37m2024-12-13 02:29:16,546&amp#27;[0;39m &amp#27;[39mDEBUG&amp#27;[0;39m [&amp#27;[34mmain&amp#27;[0;39m] &amp#27;[33mo.s.b.a.ApplicationAvailabilityBean&amp#27;[0;39m             : Application availability state LivenessState changed to CORRECT
&amp#27;[37m2024-12-13 02:29:16,561&amp#27;[0;39m &amp#27;[39mDEBUG&amp#27;[0;39m [&amp#27;[34mmain&amp#27;[0;39m] &amp#27;[33mo.s.b.l.DeferredLog&amp#27;[0;39m                             : Creating new Restarter for thread Thread[main,5,main]
&amp#27;[37m2024-12-13 02:29:16,563&amp#27;[0;39m &amp#27;[39mDEBUG&amp#27;[0;39m [&amp#27;[34mmain&amp#27;[0;39m] &amp#27;[33mo.s.b.a.ApplicationAvailabilityBean&amp#27;[0;39m             : Application availability state ReadinessState changed to ACCEPTING_TRAFFIC
&amp#27;[37m2024-12-13 02:29:16,571&amp#27;[0;39m &amp#27;[39mDEBUG&amp#27;[0;39m [&amp#27;[34mmain&amp#27;[0;39m] &amp#27;[33mo.s.t.c.c.DefaultContextCache&amp#27;[0;39m                   : Spring test ApplicationContext cache statistics: [DefaultContextCache@1201d134 size = 1, maxSize = 32, parentContextCount = 0, hitCount = 0, missCount = 1, failureCount = 0]
&amp#27;[37m2024-12-13 02:29:16,573&amp#27;[0;39m &amp#27;[39mDEBUG&amp#27;[0;39m [&amp#27;[34mmain&amp#27;[0;39m] &amp#27;[33mo.s.t.c.w.ServletTestExecutionListener&amp#27;[0;39m          : Setting up MockHttpServletRequest, MockHttpServletResponse, ServletWebRequest, and RequestContextHolder for test class com.backend.padinfo_backend.PadinfoBackendApplicationTests
&amp#27;[37m2024-12-13 02:29:16,613&amp#27;[0;39m &amp#27;[39mDEBUG&amp#27;[0;39m [&amp#27;[34mmain&amp#27;[0;39m] 33mo.s.t.c.s.DependencyInjectionTestExecutionListener&amp#27;[0;39m: Performing dependency injection for test class com.backend.padinfo_backend.PadinfoBackendApplicationTests
&amp#27;[37m2024-12-13 02:29:16,615&amp#27;[0;39m &amp#27;[39mDEBUG&amp#27;[0;39m [&amp#27;[34mmain&amp#27;[0;39m] &amp#27;[33mo.s.t.c.c.DefaultContextCache&amp#27;[0;39m                   : Spring test ApplicationContext cache statistics: [DefaultContextCache@1201d134 size = 1, maxSize = 32, parentContextCount = 0, hitCount = 1, missCount = 1, failureCount = 0]
&amp#27;[37m2024-12-13 02:29:16,619&amp#27;[0;39m &amp#27;[39mDEBUG&amp#27;[0;39m [&amp#27;[34mmain&amp#27;[0;39m] &amp#27;[33mo.s.t.c.c.DefaultContextCache&amp#27;[0;39m                   : Spring test ApplicationContext cache statistics: [DefaultContextCache@1201d134 size = 1, maxSize = 32, parentContextCount = 0, hitCount = 2, missCount = 1, failureCount = 0]
&amp#27;[37m2024-12-13 02:29:16,624&amp#27;[0;39m &amp#27;[39mDEBUG&amp#27;[0;39m [&amp#27;[34mmain&amp#27;[0;39m] o.s.t.c.s.AbstractDirtiesContextTestExecutionListener&amp#27;[0;39m: Before test method: class [PadinfoBackendApplicationTests], method [contextLoads], class annotated with @DirtiesContext [false] with mode [null], method annotated with @DirtiesContext [false] with mode [null]
&amp#27;[37m2024-12-13 02:29:16,632&amp#27;[0;39m &amp#27;[39mDEBUG&amp#27;[0;39m [&amp#27;[34mmain&amp#27;[0;39m] &amp#27;[33mo.s.t.c.c.DefaultContextCache&amp#27;[0;39m                   : Spring test ApplicationContext cache statistics: [DefaultContextCache@1201d134 size = 1, maxSize = 32, parentContextCount = 0, hitCount = 3, missCount = 1, failureCount = 0]
&amp#27;[37m2024-12-13 02:29:16,633&amp#27;[0;39m &amp#27;[39mDEBUG&amp#27;[0;39m [&amp#27;[34mmain&amp#27;[0;39m] &amp#27;[33mo.s.t.c.c.DefaultContextCache&amp#27;[0;39m                   : Spring test ApplicationContext cache statistics: [DefaultContextCache@1201d134 size = 1, maxSize = 32, parentContextCount = 0, hitCount = 4, missCount = 1, failureCount = 0]
&amp#27;[37m2024-12-13 02:29:16,646&amp#27;[0;39m &amp#27;[39mDEBUG&amp#27;[0;39m [&amp#27;[34mmain&amp#27;[0;39m] &amp#27;[33mo.s.t.c.c.DefaultContextCache&amp#27;[0;39m                   : Spring test ApplicationContext cache statistics: [DefaultContextCache@1201d134 size = 1, maxSize = 32, parentContextCount = 0, hitCount = 5, missCount = 1, failureCount = 0]
&amp#27;[37m2024-12-13 02:29:16,649&amp#27;[0;39m &amp#27;[39mDEBUG&amp#27;[0;39m [&amp#27;[34mmain&amp#27;[0;39m] &amp#27;[33mo.s.t.c.c.DefaultContextCache&amp#27;[0;39m                   : Spring test ApplicationContext cache statistics: [DefaultContextCache@1201d134 size = 1, maxSize = 32, parentContextCount = 0, hitCount = 6, missCount = 1, failureCount = 0]
&amp#27;[37m2024-12-13 02:29:16,651&amp#27;[0;39m &amp#27;[39mDEBUG&amp#27;[0;39m [&amp#27;[34mmain&amp#27;[0;39m] &amp#27;[33mo.s.t.c.c.DefaultContextCache&amp#27;[0;39m                   : Spring test ApplicationContext cache statistics: [DefaultContextCache@1201d134 size = 1, maxSize = 32, parentContextCount = 0, hitCount = 7, missCount = 1, failureCount = 0]
&amp#27;[37m2024-12-13 02:29:16,652&amp#27;[0;39m &amp#27;[39mDEBUG&amp#27;[0;39m [&amp#27;[34mmain&amp#27;[0;39m] &amp#27;[33mo.s.t.c.c.DefaultContextCache&amp#27;[0;39m                   : Spring test ApplicationContext cache statistics: [DefaultContextCache@1201d134 size = 1, maxSize = 32, parentContextCount = 0, hitCount = 8, missCount = 1, failureCount = 0]
&amp#27;[37m2024-12-13 02:29:16,655&amp#27;[0;39m &amp#27;[39mDEBUG&amp#27;[0;39m [&amp#27;[34mmain&amp#27;[0;39m] &amp#27;[33mo.s.t.c.c.DefaultContextCache&amp#27;[0;39m                   : Spring test ApplicationContext cache statistics: [DefaultContextCache@1201d134 size = 1, maxSize = 32, parentContextCount = 0, hitCount = 9, missCount = 1, failureCount = 0]
&amp#27;[37m2024-12-13 02:29:16,658&amp#27;[0;39m &amp#27;[39mDEBUG&amp#27;[0;39m [&amp#27;[34mmain&amp#27;[0;39m] &amp#27;[33mo.s.t.c.c.DefaultContextCache&amp#27;[0;39m                   : Spring test ApplicationContext cache statistics: [DefaultContextCache@1201d134 size = 1, maxSize = 32, parentContextCount = 0, hitCount = 10, missCount = 1, failureCount = 0]
&amp#27;[37m2024-12-13 02:29:16,665&amp#27;[0;39m &amp#27;[39mDEBUG&amp#27;[0;39m [&amp#27;[34mmain&amp#27;[0;39m] &amp#27;[33mo.s.t.c.c.DefaultContextCache&amp#27;[0;39m                   : Spring test ApplicationContext cache statistics: [DefaultContextCache@1201d134 size = 1, maxSize = 32, parentContextCount = 0, hitCount = 11, missCount = 1, failureCount = 0]
&amp#27;[37m2024-12-13 02:29:16,668&amp#27;[0;39m &amp#27;[39mDEBUG&amp#27;[0;39m [&amp#27;[34mmain&amp#27;[0;39m] o.s.t.c.s.AbstractDirtiesContextTestExecutionListener&amp#27;[0;39m: After test method: class [PadinfoBackendApplicationTests], method [contextLoads], class annotated with @DirtiesContext [false] with mode [null], method annotated with @DirtiesContext [false] with mode [null]
&amp#27;[37m2024-12-13 02:29:16,668&amp#27;[0;39m &amp#27;[39mDEBUG&amp#27;[0;39m [&amp#27;[34mmain&amp#27;[0;39m] &amp#27;[33mo.s.t.c.w.ServletTestExecutionListener&amp#27;[0;39m          : Resetting RequestContextHolder for test class com.backend.padinfo_backend.PadinfoBackendApplicationTests
]]></system-out>
  </testcase>
</testsuite>